
*** Running vivado
    with args -log Lab5_wrapper.vdi -applog -m64 -messageDb vivado.pb -mode batch -source Lab5_wrapper.tcl -notrace


****** Vivado v2016.2 (64-bit)
  **** SW Build 1577090 on Thu Jun  2 16:32:35 MDT 2016
  **** IP Build 1577682 on Fri Jun  3 12:00:54 MDT 2016
    ** Copyright 1986-2016 Xilinx, Inc. All Rights Reserved.

source Lab5_wrapper.tcl -notrace
Design is defaulting to srcset: sources_1
Design is defaulting to constrset: constrs_1
INFO: [Netlist 29-17] Analyzing 14 Unisim elements for replacement
INFO: [Netlist 29-28] Unisim Transformation completed in 0 CPU seconds
INFO: [Project 1-479] Netlist was created with Vivado 2016.2
INFO: [Device 21-403] Loading part xc7z010clg225-1
INFO: [Project 1-570] Preparing netlist for logic optimization
Parsing XDC File [/home/exchizz/SDU/Skole/7.Semester/EMB1/VHDL/EMB_group_4/Lab5/Lab5.srcs/sources_1/bd/Lab5/ip/Lab5_processing_system7_0_0/Lab5_processing_system7_0_0.xdc] for cell 'Lab5_i/processing_system7_0/inst'
WARNING: [Vivado 12-584] No ports matched 'MIO[53]'. [/home/exchizz/SDU/Skole/7.Semester/EMB1/VHDL/EMB_group_4/Lab5/Lab5.srcs/sources_1/bd/Lab5/ip/Lab5_processing_system7_0_0/Lab5_processing_system7_0_0.xdc:33]
CRITICAL WARNING: [Common 17-55] 'set_property' expects at least one object. [/home/exchizz/SDU/Skole/7.Semester/EMB1/VHDL/EMB_group_4/Lab5/Lab5.srcs/sources_1/bd/Lab5/ip/Lab5_processing_system7_0_0/Lab5_processing_system7_0_0.xdc:33]
Resolution: If [get_<value>] was used to populate the object, check to make sure this command returns at least one valid object.
WARNING: [Vivado 12-584] No ports matched 'MIO[53]'. [/home/exchizz/SDU/Skole/7.Semester/EMB1/VHDL/EMB_group_4/Lab5/Lab5.srcs/sources_1/bd/Lab5/ip/Lab5_processing_system7_0_0/Lab5_processing_system7_0_0.xdc:34]
CRITICAL WARNING: [Common 17-55] 'set_property' expects at least one object. [/home/exchizz/SDU/Skole/7.Semester/EMB1/VHDL/EMB_group_4/Lab5/Lab5.srcs/sources_1/bd/Lab5/ip/Lab5_processing_system7_0_0/Lab5_processing_system7_0_0.xdc:34]
Resolution: If [get_<value>] was used to populate the object, check to make sure this command returns at least one valid object.
WARNING: [Vivado 12-584] No ports matched 'MIO[53]'. [/home/exchizz/SDU/Skole/7.Semester/EMB1/VHDL/EMB_group_4/Lab5/Lab5.srcs/sources_1/bd/Lab5/ip/Lab5_processing_system7_0_0/Lab5_processing_system7_0_0.xdc:35]
CRITICAL WARNING: [Common 17-55] 'set_property' expects at least one object. [/home/exchizz/SDU/Skole/7.Semester/EMB1/VHDL/EMB_group_4/Lab5/Lab5.srcs/sources_1/bd/Lab5/ip/Lab5_processing_system7_0_0/Lab5_processing_system7_0_0.xdc:35]
Resolution: If [get_<value>] was used to populate the object, check to make sure this command returns at least one valid object.
WARNING: [Vivado 12-584] No ports matched 'MIO[53]'. [/home/exchizz/SDU/Skole/7.Semester/EMB1/VHDL/EMB_group_4/Lab5/Lab5.srcs/sources_1/bd/Lab5/ip/Lab5_processing_system7_0_0/Lab5_processing_system7_0_0.xdc:36]
CRITICAL WARNING: [Common 17-55] 'set_property' expects at least one object. [/home/exchizz/SDU/Skole/7.Semester/EMB1/VHDL/EMB_group_4/Lab5/Lab5.srcs/sources_1/bd/Lab5/ip/Lab5_processing_system7_0_0/Lab5_processing_system7_0_0.xdc:36]
Resolution: If [get_<value>] was used to populate the object, check to make sure this command returns at least one valid object.
WARNING: [Vivado 12-584] No ports matched 'MIO[53]'. [/home/exchizz/SDU/Skole/7.Semester/EMB1/VHDL/EMB_group_4/Lab5/Lab5.srcs/sources_1/bd/Lab5/ip/Lab5_processing_system7_0_0/Lab5_processing_system7_0_0.xdc:37]
CRITICAL WARNING: [Common 17-55] 'set_property' expects at least one object. [/home/exchizz/SDU/Skole/7.Semester/EMB1/VHDL/EMB_group_4/Lab5/Lab5.srcs/sources_1/bd/Lab5/ip/Lab5_processing_system7_0_0/Lab5_processing_system7_0_0.xdc:37]
Resolution: If [get_<value>] was used to populate the object, check to make sure this command returns at least one valid object.
WARNING: [Vivado 12-584] No ports matched 'MIO[53]'. [/home/exchizz/SDU/Skole/7.Semester/EMB1/VHDL/EMB_group_4/Lab5/Lab5.srcs/sources_1/bd/Lab5/ip/Lab5_processing_system7_0_0/Lab5_processing_system7_0_0.xdc:38]
CRITICAL WARNING: [Common 17-55] 'set_property' expects at least one object. [/home/exchizz/SDU/Skole/7.Semester/EMB1/VHDL/EMB_group_4/Lab5/Lab5.srcs/sources_1/bd/Lab5/ip/Lab5_processing_system7_0_0/Lab5_processing_system7_0_0.xdc:38]
Resolution: If [get_<value>] was used to populate the object, check to make sure this command returns at least one valid object.
WARNING: [Vivado 12-584] No ports matched 'MIO[52]'. [/home/exchizz/SDU/Skole/7.Semester/EMB1/VHDL/EMB_group_4/Lab5/Lab5.srcs/sources_1/bd/Lab5/ip/Lab5_processing_system7_0_0/Lab5_processing_system7_0_0.xdc:40]
CRITICAL WARNING: [Common 17-55] 'set_property' expects at least one object. [/home/exchizz/SDU/Skole/7.Semester/EMB1/VHDL/EMB_group_4/Lab5/Lab5.srcs/sources_1/bd/Lab5/ip/Lab5_processing_system7_0_0/Lab5_processing_system7_0_0.xdc:40]
Resolution: If [get_<value>] was used to populate the object, check to make sure this command returns at least one valid object.
WARNING: [Vivado 12-584] No ports matched 'MIO[52]'. [/home/exchizz/SDU/Skole/7.Semester/EMB1/VHDL/EMB_group_4/Lab5/Lab5.srcs/sources_1/bd/Lab5/ip/Lab5_processing_system7_0_0/Lab5_processing_system7_0_0.xdc:41]
CRITICAL WARNING: [Common 17-55] 'set_property' expects at least one object. [/home/exchizz/SDU/Skole/7.Semester/EMB1/VHDL/EMB_group_4/Lab5/Lab5.srcs/sources_1/bd/Lab5/ip/Lab5_processing_system7_0_0/Lab5_processing_system7_0_0.xdc:41]
Resolution: If [get_<value>] was used to populate the object, check to make sure this command returns at least one valid object.
WARNING: [Vivado 12-584] No ports matched 'MIO[52]'. [/home/exchizz/SDU/Skole/7.Semester/EMB1/VHDL/EMB_group_4/Lab5/Lab5.srcs/sources_1/bd/Lab5/ip/Lab5_processing_system7_0_0/Lab5_processing_system7_0_0.xdc:42]
CRITICAL WARNING: [Common 17-55] 'set_property' expects at least one object. [/home/exchizz/SDU/Skole/7.Semester/EMB1/VHDL/EMB_group_4/Lab5/Lab5.srcs/sources_1/bd/Lab5/ip/Lab5_processing_system7_0_0/Lab5_processing_system7_0_0.xdc:42]
Resolution: If [get_<value>] was used to populate the object, check to make sure this command returns at least one valid object.
WARNING: [Vivado 12-584] No ports matched 'MIO[52]'. [/home/exchizz/SDU/Skole/7.Semester/EMB1/VHDL/EMB_group_4/Lab5/Lab5.srcs/sources_1/bd/Lab5/ip/Lab5_processing_system7_0_0/Lab5_processing_system7_0_0.xdc:43]
CRITICAL WARNING: [Common 17-55] 'set_property' expects at least one object. [/home/exchizz/SDU/Skole/7.Semester/EMB1/VHDL/EMB_group_4/Lab5/Lab5.srcs/sources_1/bd/Lab5/ip/Lab5_processing_system7_0_0/Lab5_processing_system7_0_0.xdc:43]
Resolution: If [get_<value>] was used to populate the object, check to make sure this command returns at least one valid object.
WARNING: [Vivado 12-584] No ports matched 'MIO[52]'. [/home/exchizz/SDU/Skole/7.Semester/EMB1/VHDL/EMB_group_4/Lab5/Lab5.srcs/sources_1/bd/Lab5/ip/Lab5_processing_system7_0_0/Lab5_processing_system7_0_0.xdc:44]
CRITICAL WARNING: [Common 17-55] 'set_property' expects at least one object. [/home/exchizz/SDU/Skole/7.Semester/EMB1/VHDL/EMB_group_4/Lab5/Lab5.srcs/sources_1/bd/Lab5/ip/Lab5_processing_system7_0_0/Lab5_processing_system7_0_0.xdc:44]
Resolution: If [get_<value>] was used to populate the object, check to make sure this command returns at least one valid object.
WARNING: [Vivado 12-584] No ports matched 'MIO[52]'. [/home/exchizz/SDU/Skole/7.Semester/EMB1/VHDL/EMB_group_4/Lab5/Lab5.srcs/sources_1/bd/Lab5/ip/Lab5_processing_system7_0_0/Lab5_processing_system7_0_0.xdc:45]
CRITICAL WARNING: [Common 17-55] 'set_property' expects at least one object. [/home/exchizz/SDU/Skole/7.Semester/EMB1/VHDL/EMB_group_4/Lab5/Lab5.srcs/sources_1/bd/Lab5/ip/Lab5_processing_system7_0_0/Lab5_processing_system7_0_0.xdc:45]
Resolution: If [get_<value>] was used to populate the object, check to make sure this command returns at least one valid object.
WARNING: [Vivado 12-584] No ports matched 'MIO[49]'. [/home/exchizz/SDU/Skole/7.Semester/EMB1/VHDL/EMB_group_4/Lab5/Lab5.srcs/sources_1/bd/Lab5/ip/Lab5_processing_system7_0_0/Lab5_processing_system7_0_0.xdc:47]
CRITICAL WARNING: [Common 17-55] 'set_property' expects at least one object. [/home/exchizz/SDU/Skole/7.Semester/EMB1/VHDL/EMB_group_4/Lab5/Lab5.srcs/sources_1/bd/Lab5/ip/Lab5_processing_system7_0_0/Lab5_processing_system7_0_0.xdc:47]
Resolution: If [get_<value>] was used to populate the object, check to make sure this command returns at least one valid object.
WARNING: [Vivado 12-584] No ports matched 'MIO[49]'. [/home/exchizz/SDU/Skole/7.Semester/EMB1/VHDL/EMB_group_4/Lab5/Lab5.srcs/sources_1/bd/Lab5/ip/Lab5_processing_system7_0_0/Lab5_processing_system7_0_0.xdc:48]
CRITICAL WARNING: [Common 17-55] 'set_property' expects at least one object. [/home/exchizz/SDU/Skole/7.Semester/EMB1/VHDL/EMB_group_4/Lab5/Lab5.srcs/sources_1/bd/Lab5/ip/Lab5_processing_system7_0_0/Lab5_processing_system7_0_0.xdc:48]
Resolution: If [get_<value>] was used to populate the object, check to make sure this command returns at least one valid object.
WARNING: [Vivado 12-584] No ports matched 'MIO[49]'. [/home/exchizz/SDU/Skole/7.Semester/EMB1/VHDL/EMB_group_4/Lab5/Lab5.srcs/sources_1/bd/Lab5/ip/Lab5_processing_system7_0_0/Lab5_processing_system7_0_0.xdc:49]
CRITICAL WARNING: [Common 17-55] 'set_property' expects at least one object. [/home/exchizz/SDU/Skole/7.Semester/EMB1/VHDL/EMB_group_4/Lab5/Lab5.srcs/sources_1/bd/Lab5/ip/Lab5_processing_system7_0_0/Lab5_processing_system7_0_0.xdc:49]
Resolution: If [get_<value>] was used to populate the object, check to make sure this command returns at least one valid object.
WARNING: [Vivado 12-584] No ports matched 'MIO[49]'. [/home/exchizz/SDU/Skole/7.Semester/EMB1/VHDL/EMB_group_4/Lab5/Lab5.srcs/sources_1/bd/Lab5/ip/Lab5_processing_system7_0_0/Lab5_processing_system7_0_0.xdc:50]
CRITICAL WARNING: [Common 17-55] 'set_property' expects at least one object. [/home/exchizz/SDU/Skole/7.Semester/EMB1/VHDL/EMB_group_4/Lab5/Lab5.srcs/sources_1/bd/Lab5/ip/Lab5_processing_system7_0_0/Lab5_processing_system7_0_0.xdc:50]
Resolution: If [get_<value>] was used to populate the object, check to make sure this command returns at least one valid object.
WARNING: [Vivado 12-584] No ports matched 'MIO[49]'. [/home/exchizz/SDU/Skole/7.Semester/EMB1/VHDL/EMB_group_4/Lab5/Lab5.srcs/sources_1/bd/Lab5/ip/Lab5_processing_system7_0_0/Lab5_processing_system7_0_0.xdc:51]
CRITICAL WARNING: [Common 17-55] 'set_property' expects at least one object. [/home/exchizz/SDU/Skole/7.Semester/EMB1/VHDL/EMB_group_4/Lab5/Lab5.srcs/sources_1/bd/Lab5/ip/Lab5_processing_system7_0_0/Lab5_processing_system7_0_0.xdc:51]
Resolution: If [get_<value>] was used to populate the object, check to make sure this command returns at least one valid object.
WARNING: [Vivado 12-584] No ports matched 'MIO[49]'. [/home/exchizz/SDU/Skole/7.Semester/EMB1/VHDL/EMB_group_4/Lab5/Lab5.srcs/sources_1/bd/Lab5/ip/Lab5_processing_system7_0_0/Lab5_processing_system7_0_0.xdc:52]
CRITICAL WARNING: [Common 17-55] 'set_property' expects at least one object. [/home/exchizz/SDU/Skole/7.Semester/EMB1/VHDL/EMB_group_4/Lab5/Lab5.srcs/sources_1/bd/Lab5/ip/Lab5_processing_system7_0_0/Lab5_processing_system7_0_0.xdc:52]
Resolution: If [get_<value>] was used to populate the object, check to make sure this command returns at least one valid object.
WARNING: [Vivado 12-584] No ports matched 'MIO[48]'. [/home/exchizz/SDU/Skole/7.Semester/EMB1/VHDL/EMB_group_4/Lab5/Lab5.srcs/sources_1/bd/Lab5/ip/Lab5_processing_system7_0_0/Lab5_processing_system7_0_0.xdc:54]
CRITICAL WARNING: [Common 17-55] 'set_property' expects at least one object. [/home/exchizz/SDU/Skole/7.Semester/EMB1/VHDL/EMB_group_4/Lab5/Lab5.srcs/sources_1/bd/Lab5/ip/Lab5_processing_system7_0_0/Lab5_processing_system7_0_0.xdc:54]
Resolution: If [get_<value>] was used to populate the object, check to make sure this command returns at least one valid object.
WARNING: [Vivado 12-584] No ports matched 'MIO[48]'. [/home/exchizz/SDU/Skole/7.Semester/EMB1/VHDL/EMB_group_4/Lab5/Lab5.srcs/sources_1/bd/Lab5/ip/Lab5_processing_system7_0_0/Lab5_processing_system7_0_0.xdc:55]
CRITICAL WARNING: [Common 17-55] 'set_property' expects at least one object. [/home/exchizz/SDU/Skole/7.Semester/EMB1/VHDL/EMB_group_4/Lab5/Lab5.srcs/sources_1/bd/Lab5/ip/Lab5_processing_system7_0_0/Lab5_processing_system7_0_0.xdc:55]
Resolution: If [get_<value>] was used to populate the object, check to make sure this command returns at least one valid object.
WARNING: [Vivado 12-584] No ports matched 'MIO[48]'. [/home/exchizz/SDU/Skole/7.Semester/EMB1/VHDL/EMB_group_4/Lab5/Lab5.srcs/sources_1/bd/Lab5/ip/Lab5_processing_system7_0_0/Lab5_processing_system7_0_0.xdc:56]
CRITICAL WARNING: [Common 17-55] 'set_property' expects at least one object. [/home/exchizz/SDU/Skole/7.Semester/EMB1/VHDL/EMB_group_4/Lab5/Lab5.srcs/sources_1/bd/Lab5/ip/Lab5_processing_system7_0_0/Lab5_processing_system7_0_0.xdc:56]
Resolution: If [get_<value>] was used to populate the object, check to make sure this command returns at least one valid object.
WARNING: [Vivado 12-584] No ports matched 'MIO[48]'. [/home/exchizz/SDU/Skole/7.Semester/EMB1/VHDL/EMB_group_4/Lab5/Lab5.srcs/sources_1/bd/Lab5/ip/Lab5_processing_system7_0_0/Lab5_processing_system7_0_0.xdc:57]
CRITICAL WARNING: [Common 17-55] 'set_property' expects at least one object. [/home/exchizz/SDU/Skole/7.Semester/EMB1/VHDL/EMB_group_4/Lab5/Lab5.srcs/sources_1/bd/Lab5/ip/Lab5_processing_system7_0_0/Lab5_processing_system7_0_0.xdc:57]
Resolution: If [get_<value>] was used to populate the object, check to make sure this command returns at least one valid object.
WARNING: [Vivado 12-584] No ports matched 'MIO[48]'. [/home/exchizz/SDU/Skole/7.Semester/EMB1/VHDL/EMB_group_4/Lab5/Lab5.srcs/sources_1/bd/Lab5/ip/Lab5_processing_system7_0_0/Lab5_processing_system7_0_0.xdc:58]
CRITICAL WARNING: [Common 17-55] 'set_property' expects at least one object. [/home/exchizz/SDU/Skole/7.Semester/EMB1/VHDL/EMB_group_4/Lab5/Lab5.srcs/sources_1/bd/Lab5/ip/Lab5_processing_system7_0_0/Lab5_processing_system7_0_0.xdc:58]
Resolution: If [get_<value>] was used to populate the object, check to make sure this command returns at least one valid object.
WARNING: [Vivado 12-584] No ports matched 'MIO[48]'. [/home/exchizz/SDU/Skole/7.Semester/EMB1/VHDL/EMB_group_4/Lab5/Lab5.srcs/sources_1/bd/Lab5/ip/Lab5_processing_system7_0_0/Lab5_processing_system7_0_0.xdc:59]
CRITICAL WARNING: [Common 17-55] 'set_property' expects at least one object. [/home/exchizz/SDU/Skole/7.Semester/EMB1/VHDL/EMB_group_4/Lab5/Lab5.srcs/sources_1/bd/Lab5/ip/Lab5_processing_system7_0_0/Lab5_processing_system7_0_0.xdc:59]
Resolution: If [get_<value>] was used to populate the object, check to make sure this command returns at least one valid object.
WARNING: [Vivado 12-584] No ports matched 'MIO[39]'. [/home/exchizz/SDU/Skole/7.Semester/EMB1/VHDL/EMB_group_4/Lab5/Lab5.srcs/sources_1/bd/Lab5/ip/Lab5_processing_system7_0_0/Lab5_processing_system7_0_0.xdc:61]
CRITICAL WARNING: [Common 17-55] 'set_property' expects at least one object. [/home/exchizz/SDU/Skole/7.Semester/EMB1/VHDL/EMB_group_4/Lab5/Lab5.srcs/sources_1/bd/Lab5/ip/Lab5_processing_system7_0_0/Lab5_processing_system7_0_0.xdc:61]
Resolution: If [get_<value>] was used to populate the object, check to make sure this command returns at least one valid object.
WARNING: [Vivado 12-584] No ports matched 'MIO[39]'. [/home/exchizz/SDU/Skole/7.Semester/EMB1/VHDL/EMB_group_4/Lab5/Lab5.srcs/sources_1/bd/Lab5/ip/Lab5_processing_system7_0_0/Lab5_processing_system7_0_0.xdc:62]
CRITICAL WARNING: [Common 17-55] 'set_property' expects at least one object. [/home/exchizz/SDU/Skole/7.Semester/EMB1/VHDL/EMB_group_4/Lab5/Lab5.srcs/sources_1/bd/Lab5/ip/Lab5_processing_system7_0_0/Lab5_processing_system7_0_0.xdc:62]
Resolution: If [get_<value>] was used to populate the object, check to make sure this command returns at least one valid object.
WARNING: [Vivado 12-584] No ports matched 'MIO[39]'. [/home/exchizz/SDU/Skole/7.Semester/EMB1/VHDL/EMB_group_4/Lab5/Lab5.srcs/sources_1/bd/Lab5/ip/Lab5_processing_system7_0_0/Lab5_processing_system7_0_0.xdc:63]
CRITICAL WARNING: [Common 17-55] 'set_property' expects at least one object. [/home/exchizz/SDU/Skole/7.Semester/EMB1/VHDL/EMB_group_4/Lab5/Lab5.srcs/sources_1/bd/Lab5/ip/Lab5_processing_system7_0_0/Lab5_processing_system7_0_0.xdc:63]
Resolution: If [get_<value>] was used to populate the object, check to make sure this command returns at least one valid object.
WARNING: [Vivado 12-584] No ports matched 'MIO[39]'. [/home/exchizz/SDU/Skole/7.Semester/EMB1/VHDL/EMB_group_4/Lab5/Lab5.srcs/sources_1/bd/Lab5/ip/Lab5_processing_system7_0_0/Lab5_processing_system7_0_0.xdc:64]
CRITICAL WARNING: [Common 17-55] 'set_property' expects at least one object. [/home/exchizz/SDU/Skole/7.Semester/EMB1/VHDL/EMB_group_4/Lab5/Lab5.srcs/sources_1/bd/Lab5/ip/Lab5_processing_system7_0_0/Lab5_processing_system7_0_0.xdc:64]
Resolution: If [get_<value>] was used to populate the object, check to make sure this command returns at least one valid object.
WARNING: [Vivado 12-584] No ports matched 'MIO[39]'. [/home/exchizz/SDU/Skole/7.Semester/EMB1/VHDL/EMB_group_4/Lab5/Lab5.srcs/sources_1/bd/Lab5/ip/Lab5_processing_system7_0_0/Lab5_processing_system7_0_0.xdc:65]
CRITICAL WARNING: [Common 17-55] 'set_property' expects at least one object. [/home/exchizz/SDU/Skole/7.Semester/EMB1/VHDL/EMB_group_4/Lab5/Lab5.srcs/sources_1/bd/Lab5/ip/Lab5_processing_system7_0_0/Lab5_processing_system7_0_0.xdc:65]
Resolution: If [get_<value>] was used to populate the object, check to make sure this command returns at least one valid object.
WARNING: [Vivado 12-584] No ports matched 'MIO[39]'. [/home/exchizz/SDU/Skole/7.Semester/EMB1/VHDL/EMB_group_4/Lab5/Lab5.srcs/sources_1/bd/Lab5/ip/Lab5_processing_system7_0_0/Lab5_processing_system7_0_0.xdc:66]
CRITICAL WARNING: [Common 17-55] 'set_property' expects at least one object. [/home/exchizz/SDU/Skole/7.Semester/EMB1/VHDL/EMB_group_4/Lab5/Lab5.srcs/sources_1/bd/Lab5/ip/Lab5_processing_system7_0_0/Lab5_processing_system7_0_0.xdc:66]
Resolution: If [get_<value>] was used to populate the object, check to make sure this command returns at least one valid object.
WARNING: [Vivado 12-584] No ports matched 'MIO[38]'. [/home/exchizz/SDU/Skole/7.Semester/EMB1/VHDL/EMB_group_4/Lab5/Lab5.srcs/sources_1/bd/Lab5/ip/Lab5_processing_system7_0_0/Lab5_processing_system7_0_0.xdc:68]
CRITICAL WARNING: [Common 17-55] 'set_property' expects at least one object. [/home/exchizz/SDU/Skole/7.Semester/EMB1/VHDL/EMB_group_4/Lab5/Lab5.srcs/sources_1/bd/Lab5/ip/Lab5_processing_system7_0_0/Lab5_processing_system7_0_0.xdc:68]
Resolution: If [get_<value>] was used to populate the object, check to make sure this command returns at least one valid object.
WARNING: [Vivado 12-584] No ports matched 'MIO[38]'. [/home/exchizz/SDU/Skole/7.Semester/EMB1/VHDL/EMB_group_4/Lab5/Lab5.srcs/sources_1/bd/Lab5/ip/Lab5_processing_system7_0_0/Lab5_processing_system7_0_0.xdc:69]
CRITICAL WARNING: [Common 17-55] 'set_property' expects at least one object. [/home/exchizz/SDU/Skole/7.Semester/EMB1/VHDL/EMB_group_4/Lab5/Lab5.srcs/sources_1/bd/Lab5/ip/Lab5_processing_system7_0_0/Lab5_processing_system7_0_0.xdc:69]
Resolution: If [get_<value>] was used to populate the object, check to make sure this command returns at least one valid object.
WARNING: [Vivado 12-584] No ports matched 'MIO[38]'. [/home/exchizz/SDU/Skole/7.Semester/EMB1/VHDL/EMB_group_4/Lab5/Lab5.srcs/sources_1/bd/Lab5/ip/Lab5_processing_system7_0_0/Lab5_processing_system7_0_0.xdc:70]
CRITICAL WARNING: [Common 17-55] 'set_property' expects at least one object. [/home/exchizz/SDU/Skole/7.Semester/EMB1/VHDL/EMB_group_4/Lab5/Lab5.srcs/sources_1/bd/Lab5/ip/Lab5_processing_system7_0_0/Lab5_processing_system7_0_0.xdc:70]
Resolution: If [get_<value>] was used to populate the object, check to make sure this command returns at least one valid object.
WARNING: [Vivado 12-584] No ports matched 'MIO[38]'. [/home/exchizz/SDU/Skole/7.Semester/EMB1/VHDL/EMB_group_4/Lab5/Lab5.srcs/sources_1/bd/Lab5/ip/Lab5_processing_system7_0_0/Lab5_processing_system7_0_0.xdc:71]
CRITICAL WARNING: [Common 17-55] 'set_property' expects at least one object. [/home/exchizz/SDU/Skole/7.Semester/EMB1/VHDL/EMB_group_4/Lab5/Lab5.srcs/sources_1/bd/Lab5/ip/Lab5_processing_system7_0_0/Lab5_processing_system7_0_0.xdc:71]
Resolution: If [get_<value>] was used to populate the object, check to make sure this command returns at least one valid object.
WARNING: [Vivado 12-584] No ports matched 'MIO[38]'. [/home/exchizz/SDU/Skole/7.Semester/EMB1/VHDL/EMB_group_4/Lab5/Lab5.srcs/sources_1/bd/Lab5/ip/Lab5_processing_system7_0_0/Lab5_processing_system7_0_0.xdc:72]
CRITICAL WARNING: [Common 17-55] 'set_property' expects at least one object. [/home/exchizz/SDU/Skole/7.Semester/EMB1/VHDL/EMB_group_4/Lab5/Lab5.srcs/sources_1/bd/Lab5/ip/Lab5_processing_system7_0_0/Lab5_processing_system7_0_0.xdc:72]
Resolution: If [get_<value>] was used to populate the object, check to make sure this command returns at least one valid object.
WARNING: [Vivado 12-584] No ports matched 'MIO[38]'. [/home/exchizz/SDU/Skole/7.Semester/EMB1/VHDL/EMB_group_4/Lab5/Lab5.srcs/sources_1/bd/Lab5/ip/Lab5_processing_system7_0_0/Lab5_processing_system7_0_0.xdc:73]
CRITICAL WARNING: [Common 17-55] 'set_property' expects at least one object. [/home/exchizz/SDU/Skole/7.Semester/EMB1/VHDL/EMB_group_4/Lab5/Lab5.srcs/sources_1/bd/Lab5/ip/Lab5_processing_system7_0_0/Lab5_processing_system7_0_0.xdc:73]
Resolution: If [get_<value>] was used to populate the object, check to make sure this command returns at least one valid object.
WARNING: [Vivado 12-584] No ports matched 'MIO[37]'. [/home/exchizz/SDU/Skole/7.Semester/EMB1/VHDL/EMB_group_4/Lab5/Lab5.srcs/sources_1/bd/Lab5/ip/Lab5_processing_system7_0_0/Lab5_processing_system7_0_0.xdc:75]
CRITICAL WARNING: [Common 17-55] 'set_property' expects at least one object. [/home/exchizz/SDU/Skole/7.Semester/EMB1/VHDL/EMB_group_4/Lab5/Lab5.srcs/sources_1/bd/Lab5/ip/Lab5_processing_system7_0_0/Lab5_processing_system7_0_0.xdc:75]
Resolution: If [get_<value>] was used to populate the object, check to make sure this command returns at least one valid object.
WARNING: [Vivado 12-584] No ports matched 'MIO[37]'. [/home/exchizz/SDU/Skole/7.Semester/EMB1/VHDL/EMB_group_4/Lab5/Lab5.srcs/sources_1/bd/Lab5/ip/Lab5_processing_system7_0_0/Lab5_processing_system7_0_0.xdc:76]
CRITICAL WARNING: [Common 17-55] 'set_property' expects at least one object. [/home/exchizz/SDU/Skole/7.Semester/EMB1/VHDL/EMB_group_4/Lab5/Lab5.srcs/sources_1/bd/Lab5/ip/Lab5_processing_system7_0_0/Lab5_processing_system7_0_0.xdc:76]
Resolution: If [get_<value>] was used to populate the object, check to make sure this command returns at least one valid object.
WARNING: [Vivado 12-584] No ports matched 'MIO[37]'. [/home/exchizz/SDU/Skole/7.Semester/EMB1/VHDL/EMB_group_4/Lab5/Lab5.srcs/sources_1/bd/Lab5/ip/Lab5_processing_system7_0_0/Lab5_processing_system7_0_0.xdc:77]
CRITICAL WARNING: [Common 17-55] 'set_property' expects at least one object. [/home/exchizz/SDU/Skole/7.Semester/EMB1/VHDL/EMB_group_4/Lab5/Lab5.srcs/sources_1/bd/Lab5/ip/Lab5_processing_system7_0_0/Lab5_processing_system7_0_0.xdc:77]
Resolution: If [get_<value>] was used to populate the object, check to make sure this command returns at least one valid object.
WARNING: [Vivado 12-584] No ports matched 'MIO[37]'. [/home/exchizz/SDU/Skole/7.Semester/EMB1/VHDL/EMB_group_4/Lab5/Lab5.srcs/sources_1/bd/Lab5/ip/Lab5_processing_system7_0_0/Lab5_processing_system7_0_0.xdc:78]
CRITICAL WARNING: [Common 17-55] 'set_property' expects at least one object. [/home/exchizz/SDU/Skole/7.Semester/EMB1/VHDL/EMB_group_4/Lab5/Lab5.srcs/sources_1/bd/Lab5/ip/Lab5_processing_system7_0_0/Lab5_processing_system7_0_0.xdc:78]
Resolution: If [get_<value>] was used to populate the object, check to make sure this command returns at least one valid object.
WARNING: [Vivado 12-584] No ports matched 'MIO[37]'. [/home/exchizz/SDU/Skole/7.Semester/EMB1/VHDL/EMB_group_4/Lab5/Lab5.srcs/sources_1/bd/Lab5/ip/Lab5_processing_system7_0_0/Lab5_processing_system7_0_0.xdc:79]
CRITICAL WARNING: [Common 17-55] 'set_property' expects at least one object. [/home/exchizz/SDU/Skole/7.Semester/EMB1/VHDL/EMB_group_4/Lab5/Lab5.srcs/sources_1/bd/Lab5/ip/Lab5_processing_system7_0_0/Lab5_processing_system7_0_0.xdc:79]
Resolution: If [get_<value>] was used to populate the object, check to make sure this command returns at least one valid object.
WARNING: [Vivado 12-584] No ports matched 'MIO[37]'. [/home/exchizz/SDU/Skole/7.Semester/EMB1/VHDL/EMB_group_4/Lab5/Lab5.srcs/sources_1/bd/Lab5/ip/Lab5_processing_system7_0_0/Lab5_processing_system7_0_0.xdc:80]
CRITICAL WARNING: [Common 17-55] 'set_property' expects at least one object. [/home/exchizz/SDU/Skole/7.Semester/EMB1/VHDL/EMB_group_4/Lab5/Lab5.srcs/sources_1/bd/Lab5/ip/Lab5_processing_system7_0_0/Lab5_processing_system7_0_0.xdc:80]
Resolution: If [get_<value>] was used to populate the object, check to make sure this command returns at least one valid object.
WARNING: [Vivado 12-584] No ports matched 'MIO[36]'. [/home/exchizz/SDU/Skole/7.Semester/EMB1/VHDL/EMB_group_4/Lab5/Lab5.srcs/sources_1/bd/Lab5/ip/Lab5_processing_system7_0_0/Lab5_processing_system7_0_0.xdc:82]
CRITICAL WARNING: [Common 17-55] 'set_property' expects at least one object. [/home/exchizz/SDU/Skole/7.Semester/EMB1/VHDL/EMB_group_4/Lab5/Lab5.srcs/sources_1/bd/Lab5/ip/Lab5_processing_system7_0_0/Lab5_processing_system7_0_0.xdc:82]
Resolution: If [get_<value>] was used to populate the object, check to make sure this command returns at least one valid object.
WARNING: [Vivado 12-584] No ports matched 'MIO[36]'. [/home/exchizz/SDU/Skole/7.Semester/EMB1/VHDL/EMB_group_4/Lab5/Lab5.srcs/sources_1/bd/Lab5/ip/Lab5_processing_system7_0_0/Lab5_processing_system7_0_0.xdc:83]
CRITICAL WARNING: [Common 17-55] 'set_property' expects at least one object. [/home/exchizz/SDU/Skole/7.Semester/EMB1/VHDL/EMB_group_4/Lab5/Lab5.srcs/sources_1/bd/Lab5/ip/Lab5_processing_system7_0_0/Lab5_processing_system7_0_0.xdc:83]
Resolution: If [get_<value>] was used to populate the object, check to make sure this command returns at least one valid object.
WARNING: [Vivado 12-584] No ports matched 'MIO[36]'. [/home/exchizz/SDU/Skole/7.Semester/EMB1/VHDL/EMB_group_4/Lab5/Lab5.srcs/sources_1/bd/Lab5/ip/Lab5_processing_system7_0_0/Lab5_processing_system7_0_0.xdc:84]
CRITICAL WARNING: [Common 17-55] 'set_property' expects at least one object. [/home/exchizz/SDU/Skole/7.Semester/EMB1/VHDL/EMB_group_4/Lab5/Lab5.srcs/sources_1/bd/Lab5/ip/Lab5_processing_system7_0_0/Lab5_processing_system7_0_0.xdc:84]
Resolution: If [get_<value>] was used to populate the object, check to make sure this command returns at least one valid object.
WARNING: [Vivado 12-584] No ports matched 'MIO[36]'. [/home/exchizz/SDU/Skole/7.Semester/EMB1/VHDL/EMB_group_4/Lab5/Lab5.srcs/sources_1/bd/Lab5/ip/Lab5_processing_system7_0_0/Lab5_processing_system7_0_0.xdc:85]
CRITICAL WARNING: [Common 17-55] 'set_property' expects at least one object. [/home/exchizz/SDU/Skole/7.Semester/EMB1/VHDL/EMB_group_4/Lab5/Lab5.srcs/sources_1/bd/Lab5/ip/Lab5_processing_system7_0_0/Lab5_processing_system7_0_0.xdc:85]
Resolution: If [get_<value>] was used to populate the object, check to make sure this command returns at least one valid object.
WARNING: [Vivado 12-584] No ports matched 'MIO[36]'. [/home/exchizz/SDU/Skole/7.Semester/EMB1/VHDL/EMB_group_4/Lab5/Lab5.srcs/sources_1/bd/Lab5/ip/Lab5_processing_system7_0_0/Lab5_processing_system7_0_0.xdc:86]
CRITICAL WARNING: [Common 17-55] 'set_property' expects at least one object. [/home/exchizz/SDU/Skole/7.Semester/EMB1/VHDL/EMB_group_4/Lab5/Lab5.srcs/sources_1/bd/Lab5/ip/Lab5_processing_system7_0_0/Lab5_processing_system7_0_0.xdc:86]
Resolution: If [get_<value>] was used to populate the object, check to make sure this command returns at least one valid object.
WARNING: [Vivado 12-584] No ports matched 'MIO[36]'. [/home/exchizz/SDU/Skole/7.Semester/EMB1/VHDL/EMB_group_4/Lab5/Lab5.srcs/sources_1/bd/Lab5/ip/Lab5_processing_system7_0_0/Lab5_processing_system7_0_0.xdc:87]
CRITICAL WARNING: [Common 17-55] 'set_property' expects at least one object. [/home/exchizz/SDU/Skole/7.Semester/EMB1/VHDL/EMB_group_4/Lab5/Lab5.srcs/sources_1/bd/Lab5/ip/Lab5_processing_system7_0_0/Lab5_processing_system7_0_0.xdc:87]
Resolution: If [get_<value>] was used to populate the object, check to make sure this command returns at least one valid object.
WARNING: [Vivado 12-584] No ports matched 'MIO[35]'. [/home/exchizz/SDU/Skole/7.Semester/EMB1/VHDL/EMB_group_4/Lab5/Lab5.srcs/sources_1/bd/Lab5/ip/Lab5_processing_system7_0_0/Lab5_processing_system7_0_0.xdc:89]
CRITICAL WARNING: [Common 17-55] 'set_property' expects at least one object. [/home/exchizz/SDU/Skole/7.Semester/EMB1/VHDL/EMB_group_4/Lab5/Lab5.srcs/sources_1/bd/Lab5/ip/Lab5_processing_system7_0_0/Lab5_processing_system7_0_0.xdc:89]
Resolution: If [get_<value>] was used to populate the object, check to make sure this command returns at least one valid object.
WARNING: [Vivado 12-584] No ports matched 'MIO[35]'. [/home/exchizz/SDU/Skole/7.Semester/EMB1/VHDL/EMB_group_4/Lab5/Lab5.srcs/sources_1/bd/Lab5/ip/Lab5_processing_system7_0_0/Lab5_processing_system7_0_0.xdc:90]
CRITICAL WARNING: [Common 17-55] 'set_property' expects at least one object. [/home/exchizz/SDU/Skole/7.Semester/EMB1/VHDL/EMB_group_4/Lab5/Lab5.srcs/sources_1/bd/Lab5/ip/Lab5_processing_system7_0_0/Lab5_processing_system7_0_0.xdc:90]
Resolution: If [get_<value>] was used to populate the object, check to make sure this command returns at least one valid object.
WARNING: [Vivado 12-584] No ports matched 'MIO[35]'. [/home/exchizz/SDU/Skole/7.Semester/EMB1/VHDL/EMB_group_4/Lab5/Lab5.srcs/sources_1/bd/Lab5/ip/Lab5_processing_system7_0_0/Lab5_processing_system7_0_0.xdc:91]
CRITICAL WARNING: [Common 17-55] 'set_property' expects at least one object. [/home/exchizz/SDU/Skole/7.Semester/EMB1/VHDL/EMB_group_4/Lab5/Lab5.srcs/sources_1/bd/Lab5/ip/Lab5_processing_system7_0_0/Lab5_processing_system7_0_0.xdc:91]
Resolution: If [get_<value>] was used to populate the object, check to make sure this command returns at least one valid object.
WARNING: [Vivado 12-584] No ports matched 'MIO[35]'. [/home/exchizz/SDU/Skole/7.Semester/EMB1/VHDL/EMB_group_4/Lab5/Lab5.srcs/sources_1/bd/Lab5/ip/Lab5_processing_system7_0_0/Lab5_processing_system7_0_0.xdc:92]
CRITICAL WARNING: [Common 17-55] 'set_property' expects at least one object. [/home/exchizz/SDU/Skole/7.Semester/EMB1/VHDL/EMB_group_4/Lab5/Lab5.srcs/sources_1/bd/Lab5/ip/Lab5_processing_system7_0_0/Lab5_processing_system7_0_0.xdc:92]
Resolution: If [get_<value>] was used to populate the object, check to make sure this command returns at least one valid object.
WARNING: [Vivado 12-584] No ports matched 'MIO[35]'. [/home/exchizz/SDU/Skole/7.Semester/EMB1/VHDL/EMB_group_4/Lab5/Lab5.srcs/sources_1/bd/Lab5/ip/Lab5_processing_system7_0_0/Lab5_processing_system7_0_0.xdc:93]
CRITICAL WARNING: [Common 17-55] 'set_property' expects at least one object. [/home/exchizz/SDU/Skole/7.Semester/EMB1/VHDL/EMB_group_4/Lab5/Lab5.srcs/sources_1/bd/Lab5/ip/Lab5_processing_system7_0_0/Lab5_processing_system7_0_0.xdc:93]
Resolution: If [get_<value>] was used to populate the object, check to make sure this command returns at least one valid object.
WARNING: [Vivado 12-584] No ports matched 'MIO[35]'. [/home/exchizz/SDU/Skole/7.Semester/EMB1/VHDL/EMB_group_4/Lab5/Lab5.srcs/sources_1/bd/Lab5/ip/Lab5_processing_system7_0_0/Lab5_processing_system7_0_0.xdc:94]
CRITICAL WARNING: [Common 17-55] 'set_property' expects at least one object. [/home/exchizz/SDU/Skole/7.Semester/EMB1/VHDL/EMB_group_4/Lab5/Lab5.srcs/sources_1/bd/Lab5/ip/Lab5_processing_system7_0_0/Lab5_processing_system7_0_0.xdc:94]
Resolution: If [get_<value>] was used to populate the object, check to make sure this command returns at least one valid object.
WARNING: [Vivado 12-584] No ports matched 'MIO[34]'. [/home/exchizz/SDU/Skole/7.Semester/EMB1/VHDL/EMB_group_4/Lab5/Lab5.srcs/sources_1/bd/Lab5/ip/Lab5_processing_system7_0_0/Lab5_processing_system7_0_0.xdc:96]
CRITICAL WARNING: [Common 17-55] 'set_property' expects at least one object. [/home/exchizz/SDU/Skole/7.Semester/EMB1/VHDL/EMB_group_4/Lab5/Lab5.srcs/sources_1/bd/Lab5/ip/Lab5_processing_system7_0_0/Lab5_processing_system7_0_0.xdc:96]
Resolution: If [get_<value>] was used to populate the object, check to make sure this command returns at least one valid object.
WARNING: [Vivado 12-584] No ports matched 'MIO[34]'. [/home/exchizz/SDU/Skole/7.Semester/EMB1/VHDL/EMB_group_4/Lab5/Lab5.srcs/sources_1/bd/Lab5/ip/Lab5_processing_system7_0_0/Lab5_processing_system7_0_0.xdc:97]
CRITICAL WARNING: [Common 17-55] 'set_property' expects at least one object. [/home/exchizz/SDU/Skole/7.Semester/EMB1/VHDL/EMB_group_4/Lab5/Lab5.srcs/sources_1/bd/Lab5/ip/Lab5_processing_system7_0_0/Lab5_processing_system7_0_0.xdc:97]
Resolution: If [get_<value>] was used to populate the object, check to make sure this command returns at least one valid object.
WARNING: [Vivado 12-584] No ports matched 'MIO[34]'. [/home/exchizz/SDU/Skole/7.Semester/EMB1/VHDL/EMB_group_4/Lab5/Lab5.srcs/sources_1/bd/Lab5/ip/Lab5_processing_system7_0_0/Lab5_processing_system7_0_0.xdc:98]
CRITICAL WARNING: [Common 17-55] 'set_property' expects at least one object. [/home/exchizz/SDU/Skole/7.Semester/EMB1/VHDL/EMB_group_4/Lab5/Lab5.srcs/sources_1/bd/Lab5/ip/Lab5_processing_system7_0_0/Lab5_processing_system7_0_0.xdc:98]
Resolution: If [get_<value>] was used to populate the object, check to make sure this command returns at least one valid object.
WARNING: [Vivado 12-584] No ports matched 'MIO[34]'. [/home/exchizz/SDU/Skole/7.Semester/EMB1/VHDL/EMB_group_4/Lab5/Lab5.srcs/sources_1/bd/Lab5/ip/Lab5_processing_system7_0_0/Lab5_processing_system7_0_0.xdc:99]
CRITICAL WARNING: [Common 17-55] 'set_property' expects at least one object. [/home/exchizz/SDU/Skole/7.Semester/EMB1/VHDL/EMB_group_4/Lab5/Lab5.srcs/sources_1/bd/Lab5/ip/Lab5_processing_system7_0_0/Lab5_processing_system7_0_0.xdc:99]
Resolution: If [get_<value>] was used to populate the object, check to make sure this command returns at least one valid object.
WARNING: [Vivado 12-584] No ports matched 'MIO[34]'. [/home/exchizz/SDU/Skole/7.Semester/EMB1/VHDL/EMB_group_4/Lab5/Lab5.srcs/sources_1/bd/Lab5/ip/Lab5_processing_system7_0_0/Lab5_processing_system7_0_0.xdc:100]
CRITICAL WARNING: [Common 17-55] 'set_property' expects at least one object. [/home/exchizz/SDU/Skole/7.Semester/EMB1/VHDL/EMB_group_4/Lab5/Lab5.srcs/sources_1/bd/Lab5/ip/Lab5_processing_system7_0_0/Lab5_processing_system7_0_0.xdc:100]
Resolution: If [get_<value>] was used to populate the object, check to make sure this command returns at least one valid object.
WARNING: [Vivado 12-584] No ports matched 'MIO[34]'. [/home/exchizz/SDU/Skole/7.Semester/EMB1/VHDL/EMB_group_4/Lab5/Lab5.srcs/sources_1/bd/Lab5/ip/Lab5_processing_system7_0_0/Lab5_processing_system7_0_0.xdc:101]
CRITICAL WARNING: [Common 17-55] 'set_property' expects at least one object. [/home/exchizz/SDU/Skole/7.Semester/EMB1/VHDL/EMB_group_4/Lab5/Lab5.srcs/sources_1/bd/Lab5/ip/Lab5_processing_system7_0_0/Lab5_processing_system7_0_0.xdc:101]
Resolution: If [get_<value>] was used to populate the object, check to make sure this command returns at least one valid object.
WARNING: [Vivado 12-584] No ports matched 'MIO[33]'. [/home/exchizz/SDU/Skole/7.Semester/EMB1/VHDL/EMB_group_4/Lab5/Lab5.srcs/sources_1/bd/Lab5/ip/Lab5_processing_system7_0_0/Lab5_processing_system7_0_0.xdc:103]
CRITICAL WARNING: [Common 17-55] 'set_property' expects at least one object. [/home/exchizz/SDU/Skole/7.Semester/EMB1/VHDL/EMB_group_4/Lab5/Lab5.srcs/sources_1/bd/Lab5/ip/Lab5_processing_system7_0_0/Lab5_processing_system7_0_0.xdc:103]
Resolution: If [get_<value>] was used to populate the object, check to make sure this command returns at least one valid object.
WARNING: [Vivado 12-584] No ports matched 'MIO[33]'. [/home/exchizz/SDU/Skole/7.Semester/EMB1/VHDL/EMB_group_4/Lab5/Lab5.srcs/sources_1/bd/Lab5/ip/Lab5_processing_system7_0_0/Lab5_processing_system7_0_0.xdc:104]
CRITICAL WARNING: [Common 17-55] 'set_property' expects at least one object. [/home/exchizz/SDU/Skole/7.Semester/EMB1/VHDL/EMB_group_4/Lab5/Lab5.srcs/sources_1/bd/Lab5/ip/Lab5_processing_system7_0_0/Lab5_processing_system7_0_0.xdc:104]
Resolution: If [get_<value>] was used to populate the object, check to make sure this command returns at least one valid object.
WARNING: [Vivado 12-584] No ports matched 'MIO[33]'. [/home/exchizz/SDU/Skole/7.Semester/EMB1/VHDL/EMB_group_4/Lab5/Lab5.srcs/sources_1/bd/Lab5/ip/Lab5_processing_system7_0_0/Lab5_processing_system7_0_0.xdc:105]
CRITICAL WARNING: [Common 17-55] 'set_property' expects at least one object. [/home/exchizz/SDU/Skole/7.Semester/EMB1/VHDL/EMB_group_4/Lab5/Lab5.srcs/sources_1/bd/Lab5/ip/Lab5_processing_system7_0_0/Lab5_processing_system7_0_0.xdc:105]
Resolution: If [get_<value>] was used to populate the object, check to make sure this command returns at least one valid object.
WARNING: [Vivado 12-584] No ports matched 'MIO[33]'. [/home/exchizz/SDU/Skole/7.Semester/EMB1/VHDL/EMB_group_4/Lab5/Lab5.srcs/sources_1/bd/Lab5/ip/Lab5_processing_system7_0_0/Lab5_processing_system7_0_0.xdc:106]
CRITICAL WARNING: [Common 17-55] 'set_property' expects at least one object. [/home/exchizz/SDU/Skole/7.Semester/EMB1/VHDL/EMB_group_4/Lab5/Lab5.srcs/sources_1/bd/Lab5/ip/Lab5_processing_system7_0_0/Lab5_processing_system7_0_0.xdc:106]
Resolution: If [get_<value>] was used to populate the object, check to make sure this command returns at least one valid object.
WARNING: [Vivado 12-584] No ports matched 'MIO[33]'. [/home/exchizz/SDU/Skole/7.Semester/EMB1/VHDL/EMB_group_4/Lab5/Lab5.srcs/sources_1/bd/Lab5/ip/Lab5_processing_system7_0_0/Lab5_processing_system7_0_0.xdc:107]
CRITICAL WARNING: [Common 17-55] 'set_property' expects at least one object. [/home/exchizz/SDU/Skole/7.Semester/EMB1/VHDL/EMB_group_4/Lab5/Lab5.srcs/sources_1/bd/Lab5/ip/Lab5_processing_system7_0_0/Lab5_processing_system7_0_0.xdc:107]
Resolution: If [get_<value>] was used to populate the object, check to make sure this command returns at least one valid object.
WARNING: [Vivado 12-584] No ports matched 'MIO[33]'. [/home/exchizz/SDU/Skole/7.Semester/EMB1/VHDL/EMB_group_4/Lab5/Lab5.srcs/sources_1/bd/Lab5/ip/Lab5_processing_system7_0_0/Lab5_processing_system7_0_0.xdc:108]
CRITICAL WARNING: [Common 17-55] 'set_property' expects at least one object. [/home/exchizz/SDU/Skole/7.Semester/EMB1/VHDL/EMB_group_4/Lab5/Lab5.srcs/sources_1/bd/Lab5/ip/Lab5_processing_system7_0_0/Lab5_processing_system7_0_0.xdc:108]
Resolution: If [get_<value>] was used to populate the object, check to make sure this command returns at least one valid object.
WARNING: [Vivado 12-584] No ports matched 'MIO[32]'. [/home/exchizz/SDU/Skole/7.Semester/EMB1/VHDL/EMB_group_4/Lab5/Lab5.srcs/sources_1/bd/Lab5/ip/Lab5_processing_system7_0_0/Lab5_processing_system7_0_0.xdc:110]
CRITICAL WARNING: [Common 17-55] 'set_property' expects at least one object. [/home/exchizz/SDU/Skole/7.Semester/EMB1/VHDL/EMB_group_4/Lab5/Lab5.srcs/sources_1/bd/Lab5/ip/Lab5_processing_system7_0_0/Lab5_processing_system7_0_0.xdc:110]
Resolution: If [get_<value>] was used to populate the object, check to make sure this command returns at least one valid object.
WARNING: [Vivado 12-584] No ports matched 'MIO[32]'. [/home/exchizz/SDU/Skole/7.Semester/EMB1/VHDL/EMB_group_4/Lab5/Lab5.srcs/sources_1/bd/Lab5/ip/Lab5_processing_system7_0_0/Lab5_processing_system7_0_0.xdc:111]
CRITICAL WARNING: [Common 17-55] 'set_property' expects at least one object. [/home/exchizz/SDU/Skole/7.Semester/EMB1/VHDL/EMB_group_4/Lab5/Lab5.srcs/sources_1/bd/Lab5/ip/Lab5_processing_system7_0_0/Lab5_processing_system7_0_0.xdc:111]
Resolution: If [get_<value>] was used to populate the object, check to make sure this command returns at least one valid object.
WARNING: [Vivado 12-584] No ports matched 'MIO[32]'. [/home/exchizz/SDU/Skole/7.Semester/EMB1/VHDL/EMB_group_4/Lab5/Lab5.srcs/sources_1/bd/Lab5/ip/Lab5_processing_system7_0_0/Lab5_processing_system7_0_0.xdc:112]
CRITICAL WARNING: [Common 17-55] 'set_property' expects at least one object. [/home/exchizz/SDU/Skole/7.Semester/EMB1/VHDL/EMB_group_4/Lab5/Lab5.srcs/sources_1/bd/Lab5/ip/Lab5_processing_system7_0_0/Lab5_processing_system7_0_0.xdc:112]
Resolution: If [get_<value>] was used to populate the object, check to make sure this command returns at least one valid object.
WARNING: [Vivado 12-584] No ports matched 'MIO[32]'. [/home/exchizz/SDU/Skole/7.Semester/EMB1/VHDL/EMB_group_4/Lab5/Lab5.srcs/sources_1/bd/Lab5/ip/Lab5_processing_system7_0_0/Lab5_processing_system7_0_0.xdc:113]
CRITICAL WARNING: [Common 17-55] 'set_property' expects at least one object. [/home/exchizz/SDU/Skole/7.Semester/EMB1/VHDL/EMB_group_4/Lab5/Lab5.srcs/sources_1/bd/Lab5/ip/Lab5_processing_system7_0_0/Lab5_processing_system7_0_0.xdc:113]
Resolution: If [get_<value>] was used to populate the object, check to make sure this command returns at least one valid object.
WARNING: [Vivado 12-584] No ports matched 'MIO[32]'. [/home/exchizz/SDU/Skole/7.Semester/EMB1/VHDL/EMB_group_4/Lab5/Lab5.srcs/sources_1/bd/Lab5/ip/Lab5_processing_system7_0_0/Lab5_processing_system7_0_0.xdc:114]
CRITICAL WARNING: [Common 17-55] 'set_property' expects at least one object. [/home/exchizz/SDU/Skole/7.Semester/EMB1/VHDL/EMB_group_4/Lab5/Lab5.srcs/sources_1/bd/Lab5/ip/Lab5_processing_system7_0_0/Lab5_processing_system7_0_0.xdc:114]
Resolution: If [get_<value>] was used to populate the object, check to make sure this command returns at least one valid object.
WARNING: [Vivado 12-584] No ports matched 'MIO[32]'. [/home/exchizz/SDU/Skole/7.Semester/EMB1/VHDL/EMB_group_4/Lab5/Lab5.srcs/sources_1/bd/Lab5/ip/Lab5_processing_system7_0_0/Lab5_processing_system7_0_0.xdc:115]
CRITICAL WARNING: [Common 17-55] 'set_property' expects at least one object. [/home/exchizz/SDU/Skole/7.Semester/EMB1/VHDL/EMB_group_4/Lab5/Lab5.srcs/sources_1/bd/Lab5/ip/Lab5_processing_system7_0_0/Lab5_processing_system7_0_0.xdc:115]
Resolution: If [get_<value>] was used to populate the object, check to make sure this command returns at least one valid object.
CRITICAL WARNING: [Vivado 12-1411] Cannot set LOC property of ports, Could not legally place instance Lab5_i/processing_system7_0/inst/genblk13[31].MIO_BIBUF at C12 (IOPAD_X1Y108) since it belongs to a shape containing instance Lab5_i/processing_system7_0/inst/PS7_i. The shape requires relative placement between Lab5_i/processing_system7_0/inst/genblk13[31].MIO_BIBUF and Lab5_i/processing_system7_0/inst/PS7_i that can not be honoured because it would result in an invalid location for Lab5_i/processing_system7_0/inst/PS7_i. [/home/exchizz/SDU/Skole/7.Semester/EMB1/VHDL/EMB_group_4/Lab5/Lab5.srcs/sources_1/bd/Lab5/ip/Lab5_processing_system7_0_0/Lab5_processing_system7_0_0.xdc:118]
CRITICAL WARNING: [Vivado 12-1411] Cannot set LOC property of ports, Could not legally place instance Lab5_i/processing_system7_0/inst/genblk13[30].MIO_BIBUF at B15 (IOPAD_X1Y107) since it belongs to a shape containing instance Lab5_i/processing_system7_0/inst/PS7_i. The shape requires relative placement between Lab5_i/processing_system7_0/inst/genblk13[30].MIO_BIBUF and Lab5_i/processing_system7_0/inst/PS7_i that can not be honoured because it would result in an invalid location for Lab5_i/processing_system7_0/inst/PS7_i. [/home/exchizz/SDU/Skole/7.Semester/EMB1/VHDL/EMB_group_4/Lab5/Lab5.srcs/sources_1/bd/Lab5/ip/Lab5_processing_system7_0_0/Lab5_processing_system7_0_0.xdc:125]
CRITICAL WARNING: [Vivado 12-1411] Cannot set LOC property of ports, Could not legally place instance Lab5_i/processing_system7_0/inst/genblk13[29].MIO_BIBUF at D11 (IOPAD_X1Y106) since it belongs to a shape containing instance Lab5_i/processing_system7_0/inst/PS7_i. The shape requires relative placement between Lab5_i/processing_system7_0/inst/genblk13[29].MIO_BIBUF and Lab5_i/processing_system7_0/inst/PS7_i that can not be honoured because it would result in an invalid location for Lab5_i/processing_system7_0/inst/PS7_i. [/home/exchizz/SDU/Skole/7.Semester/EMB1/VHDL/EMB_group_4/Lab5/Lab5.srcs/sources_1/bd/Lab5/ip/Lab5_processing_system7_0_0/Lab5_processing_system7_0_0.xdc:132]
CRITICAL WARNING: [Vivado 12-1411] Cannot set LOC property of ports, Could not legally place instance Lab5_i/processing_system7_0/inst/genblk13[28].MIO_BIBUF at A15 (IOPAD_X1Y105) since it belongs to a shape containing instance Lab5_i/processing_system7_0/inst/PS7_i. The shape requires relative placement between Lab5_i/processing_system7_0/inst/genblk13[28].MIO_BIBUF and Lab5_i/processing_system7_0/inst/PS7_i that can not be honoured because it would result in an invalid location for Lab5_i/processing_system7_0/inst/PS7_i. [/home/exchizz/SDU/Skole/7.Semester/EMB1/VHDL/EMB_group_4/Lab5/Lab5.srcs/sources_1/bd/Lab5/ip/Lab5_processing_system7_0_0/Lab5_processing_system7_0_0.xdc:139]
Finished Parsing XDC File [/home/exchizz/SDU/Skole/7.Semester/EMB1/VHDL/EMB_group_4/Lab5/Lab5.srcs/sources_1/bd/Lab5/ip/Lab5_processing_system7_0_0/Lab5_processing_system7_0_0.xdc] for cell 'Lab5_i/processing_system7_0/inst'
Parsing XDC File [/home/exchizz/SDU/Skole/7.Semester/EMB1/VHDL/EMB_group_4/Lab5/Lab5.srcs/constrs_1/new/user_consraints.xdc]
Finished Parsing XDC File [/home/exchizz/SDU/Skole/7.Semester/EMB1/VHDL/EMB_group_4/Lab5/Lab5.srcs/constrs_1/new/user_consraints.xdc]
INFO: [Opt 31-138] Pushed 0 inverter(s) to 0 load pin(s).
INFO: [Project 1-111] Unisim Transformation Summary:
No Unisim elements were transformed.

link_design: Time (s): cpu = 00:00:06 ; elapsed = 00:00:06 . Memory (MB): peak = 1230.953 ; gain = 258.746 ; free physical = 305 ; free virtual = 12813
Command: opt_design
Attempting to get a license for feature 'Implementation' and/or device 'xc7z010'
INFO: [Common 17-349] Got license for feature 'Implementation' and/or device 'xc7z010'
Running DRC as a precondition to command opt_design

Starting DRC Task
INFO: [DRC 23-27] Running DRC with 8 threads
INFO: [Project 1-461] DRC finished with 0 Errors
INFO: [Project 1-462] Please refer to the DRC report (report_drc) for more information.

Time (s): cpu = 00:00:00.14 ; elapsed = 00:00:00.12 . Memory (MB): peak = 1296.984 ; gain = 66.023 ; free physical = 300 ; free virtual = 12808
INFO: [Timing 38-35] Done setting XDC timing constraints.

Starting Logic Optimization Task
Implement Debug Cores | Checksum: 1aaec181d

Phase 1 Retarget
INFO: [Opt 31-138] Pushed 0 inverter(s) to 0 load pin(s).
INFO: [Opt 31-49] Retargeted 0 cell(s).
Phase 1 Retarget | Checksum: 1ddf3e622

Time (s): cpu = 00:00:00.13 ; elapsed = 00:00:00.13 . Memory (MB): peak = 1639.477 ; gain = 0.000 ; free physical = 159 ; free virtual = 12481

Phase 2 Constant Propagation
INFO: [Opt 31-138] Pushed 0 inverter(s) to 0 load pin(s).
INFO: [Opt 31-10] Eliminated 0 cells.
Phase 2 Constant Propagation | Checksum: 1ddf3e622

Time (s): cpu = 00:00:00.16 ; elapsed = 00:00:00.16 . Memory (MB): peak = 1639.477 ; gain = 0.000 ; free physical = 159 ; free virtual = 12481

Phase 3 Sweep
INFO: [Opt 31-12] Eliminated 52 unconnected nets.
INFO: [Opt 31-11] Eliminated 88 unconnected cells.
Phase 3 Sweep | Checksum: 18ceea99c

Time (s): cpu = 00:00:00.42 ; elapsed = 00:00:00.42 . Memory (MB): peak = 1639.477 ; gain = 0.000 ; free physical = 158 ; free virtual = 12481

Starting Connectivity Check Task

Time (s): cpu = 00:00:00 ; elapsed = 00:00:00 . Memory (MB): peak = 1639.477 ; gain = 0.000 ; free physical = 158 ; free virtual = 12481
Ending Logic Optimization Task | Checksum: 18ceea99c

Time (s): cpu = 00:00:00.42 ; elapsed = 00:00:00.42 . Memory (MB): peak = 1639.477 ; gain = 0.000 ; free physical = 158 ; free virtual = 12481

Starting Power Optimization Task
INFO: [Pwropt 34-132] Skipping clock gating for clocks with a period < 2.00 ns.
Ending Power Optimization Task | Checksum: 18ceea99c

Time (s): cpu = 00:00:00.01 ; elapsed = 00:00:00 . Memory (MB): peak = 1639.477 ; gain = 0.000 ; free physical = 158 ; free virtual = 12481
INFO: [Common 17-83] Releasing license: Implementation
20 Infos, 72 Warnings, 76 Critical Warnings and 0 Errors encountered.
opt_design completed successfully
opt_design: Time (s): cpu = 00:00:13 ; elapsed = 00:00:13 . Memory (MB): peak = 1639.477 ; gain = 408.516 ; free physical = 158 ; free virtual = 12481
Writing placer database...
Writing XDEF routing.
Writing XDEF routing logical nets.
Writing XDEF routing special nets.
Write XDEF Complete: Time (s): cpu = 00:00:00.10 ; elapsed = 00:00:00.03 . Memory (MB): peak = 1671.492 ; gain = 0.000 ; free physical = 156 ; free virtual = 12481
INFO: [DRC 23-27] Running DRC with 8 threads
INFO: [Coretcl 2-168] The results of DRC are in file /home/exchizz/SDU/Skole/7.Semester/EMB1/VHDL/EMB_group_4/Lab5/Lab5.runs/impl_1/Lab5_wrapper_drc_opted.rpt.
INFO: [Chipscope 16-241] No debug cores found in the current design.
Before running the implement_debug_core command, either use the Set Up Debug wizard (GUI mode)
or use the create_debug_core and connect_debug_core Tcl commands to insert debug cores into the design.
Command: place_design
Attempting to get a license for feature 'Implementation' and/or device 'xc7z010'
INFO: [Common 17-349] Got license for feature 'Implementation' and/or device 'xc7z010'
INFO: [DRC 23-27] Running DRC with 8 threads
INFO: [Vivado_Tcl 4-198] DRC finished with 0 Errors
INFO: [Vivado_Tcl 4-199] Please refer to the DRC report (report_drc) for more information.
Running DRC as a precondition to command place_design
INFO: [DRC 23-27] Running DRC with 8 threads
INFO: [Vivado_Tcl 4-198] DRC finished with 0 Errors
INFO: [Vivado_Tcl 4-199] Please refer to the DRC report (report_drc) for more information.

Starting Placer Task
INFO: [Place 30-611] Multithreading enabled for place_design using a maximum of 8 CPUs

Phase 1 Placer Initialization
Netlist sorting complete. Time (s): cpu = 00:00:00 ; elapsed = 00:00:00 . Memory (MB): peak = 1703.508 ; gain = 0.000 ; free physical = 151 ; free virtual = 12474
Netlist sorting complete. Time (s): cpu = 00:00:00 ; elapsed = 00:00:00 . Memory (MB): peak = 1703.508 ; gain = 0.000 ; free physical = 151 ; free virtual = 12474

Phase 1.1 IO Placement/ Clock Placement/ Build Placer Device

Phase 1.1.1 ParallelPlaceIOClockAndInitTop

Phase 1.1.1.1 Pre-Place Cells
Phase 1.1.1.1 Pre-Place Cells | Checksum: 4fb28ccb

Time (s): cpu = 00:00:00.02 ; elapsed = 00:00:00.03 . Memory (MB): peak = 1703.508 ; gain = 0.000 ; free physical = 151 ; free virtual = 12474

Phase 1.1.1.2 Constructing HAPIClkRuleMgr
Phase 1.1.1.2 Constructing HAPIClkRuleMgr | Checksum: 4fb28ccb

Time (s): cpu = 00:00:00.33 ; elapsed = 00:00:00.41 . Memory (MB): peak = 1703.508 ; gain = 0.000 ; free physical = 151 ; free virtual = 12474

Phase 1.1.1.3 IOLockPlacementChecker

Phase 1.1.1.5 DSPChecker
Phase 1.1.1.5 DSPChecker | Checksum: 4fb28ccb

Time (s): cpu = 00:00:00.49 ; elapsed = 00:00:00.48 . Memory (MB): peak = 1775.543 ; gain = 72.035 ; free physical = 151 ; free virtual = 12473

Phase 1.1.1.6 V7IOVoltageChecker

Phase 1.1.1.7 IOBufferPlacementChecker

Phase 1.1.1.4 ClockRegionPlacementChecker
Phase 1.1.1.6 V7IOVoltageChecker | Checksum: 4fb28ccb

Time (s): cpu = 00:00:00.50 ; elapsed = 00:00:00.49 . Memory (MB): peak = 1775.543 ; gain = 72.035 ; free physical = 151 ; free virtual = 12473

Phase 1.1.1.8 OverlappingPBlocksChecker
Phase 1.1.1.7 IOBufferPlacementChecker | Checksum: 4fb28ccb

Time (s): cpu = 00:00:00.51 ; elapsed = 00:00:00.49 . Memory (MB): peak = 1775.543 ; gain = 72.035 ; free physical = 151 ; free virtual = 12473

Phase 1.1.1.9 DisallowedInsts
Phase 1.1.1.3 IOLockPlacementChecker | Checksum: 4fb28ccb

Time (s): cpu = 00:00:00.51 ; elapsed = 00:00:00.49 . Memory (MB): peak = 1775.543 ; gain = 72.035 ; free physical = 151 ; free virtual = 12473

Phase 1.1.1.10 CheckerForMandatoryPrePlacedCells
Phase 1.1.1.4 ClockRegionPlacementChecker | Checksum: 4fb28ccb

Time (s): cpu = 00:00:00.52 ; elapsed = 00:00:00.49 . Memory (MB): peak = 1775.543 ; gain = 72.035 ; free physical = 151 ; free virtual = 12473

Phase 1.1.1.11 CheckerForUnsupportedConstraints
Phase 1.1.1.8 OverlappingPBlocksChecker | Checksum: 4fb28ccb

Time (s): cpu = 00:00:00.53 ; elapsed = 00:00:00.50 . Memory (MB): peak = 1775.543 ; gain = 72.035 ; free physical = 151 ; free virtual = 12473
Phase 1.1.1.9 DisallowedInsts | Checksum: 4fb28ccb

Time (s): cpu = 00:00:00.53 ; elapsed = 00:00:00.50 . Memory (MB): peak = 1775.543 ; gain = 72.035 ; free physical = 151 ; free virtual = 12473

Phase 1.1.1.12 Laguna PBlock Checker
Phase 1.1.1.10 CheckerForMandatoryPrePlacedCells | Checksum: 4fb28ccb

Time (s): cpu = 00:00:00.53 ; elapsed = 00:00:00.50 . Memory (MB): peak = 1775.543 ; gain = 72.035 ; free physical = 151 ; free virtual = 12473

Phase 1.1.1.13 CascadeElementConstraintsChecker
Phase 1.1.1.11 CheckerForUnsupportedConstraints | Checksum: 4fb28ccb

Time (s): cpu = 00:00:00.55 ; elapsed = 00:00:00.51 . Memory (MB): peak = 1775.543 ; gain = 72.035 ; free physical = 151 ; free virtual = 12473

Phase 1.1.1.14 ShapesExcludeCompatibilityChecker
Phase 1.1.1.12 Laguna PBlock Checker | Checksum: 4fb28ccb

Time (s): cpu = 00:00:00.55 ; elapsed = 00:00:00.51 . Memory (MB): peak = 1775.543 ; gain = 72.035 ; free physical = 151 ; free virtual = 12473

Phase 1.1.1.15 ShapePlacementValidityChecker
Phase 1.1.1.13 CascadeElementConstraintsChecker | Checksum: 4fb28ccb

Time (s): cpu = 00:00:00.56 ; elapsed = 00:00:00.51 . Memory (MB): peak = 1775.543 ; gain = 72.035 ; free physical = 151 ; free virtual = 12473

Phase 1.1.1.16 HdioRelatedChecker
Phase 1.1.1.14 ShapesExcludeCompatibilityChecker | Checksum: 4fb28ccb

Time (s): cpu = 00:00:00.58 ; elapsed = 00:00:00.51 . Memory (MB): peak = 1775.543 ; gain = 72.035 ; free physical = 151 ; free virtual = 12473

Phase 1.1.1.17 IOStdCompatabilityChecker
Phase 1.1.1.16 HdioRelatedChecker | Checksum: 4fb28ccb

Time (s): cpu = 00:00:00.59 ; elapsed = 00:00:00.52 . Memory (MB): peak = 1775.543 ; gain = 72.035 ; free physical = 151 ; free virtual = 12473
Phase 1.1.1.15 ShapePlacementValidityChecker | Checksum: 4fb28ccb

Time (s): cpu = 00:00:00.59 ; elapsed = 00:00:00.52 . Memory (MB): peak = 1775.543 ; gain = 72.035 ; free physical = 151 ; free virtual = 12473
Phase 1.1.1.17 IOStdCompatabilityChecker | Checksum: 4fb28ccb

Time (s): cpu = 00:00:00.60 ; elapsed = 00:00:00.53 . Memory (MB): peak = 1775.543 ; gain = 72.035 ; free physical = 151 ; free virtual = 12473
WARNING: [Place 30-879] Found overlapping PBlocks. The use of overlapping PBlocks is not recommended as it may lead to legalization errors or unplaced instances.
WARNING: [Place 30-12] An IO Bus FIXED_IO_mio with more than one IO standard is found. Components associated with this bus are: 
	FIXED_IO_mio[31] of IOStandard LVCMOS33
	FIXED_IO_mio[30] of IOStandard LVCMOS33
	FIXED_IO_mio[29] of IOStandard LVCMOS33
	FIXED_IO_mio[28] of IOStandard LVCMOS33
	FIXED_IO_mio[27] of IOStandard LVCMOS18
	FIXED_IO_mio[26] of IOStandard LVCMOS18
	FIXED_IO_mio[25] of IOStandard LVCMOS18
	FIXED_IO_mio[24] of IOStandard LVCMOS18
	FIXED_IO_mio[23] of IOStandard LVCMOS18
	FIXED_IO_mio[22] of IOStandard LVCMOS18
	FIXED_IO_mio[21] of IOStandard LVCMOS18
	FIXED_IO_mio[20] of IOStandard LVCMOS18
	FIXED_IO_mio[19] of IOStandard LVCMOS18
	FIXED_IO_mio[18] of IOStandard LVCMOS18
	FIXED_IO_mio[17] of IOStandard LVCMOS18
	FIXED_IO_mio[16] of IOStandard LVCMOS18
	FIXED_IO_mio[15] of IOStandard LVCMOS33
	FIXED_IO_mio[14] of IOStandard LVCMOS33
	FIXED_IO_mio[13] of IOStandard LVCMOS33
	FIXED_IO_mio[12] of IOStandard LVCMOS33
	FIXED_IO_mio[11] of IOStandard LVCMOS33
	FIXED_IO_mio[10] of IOStandard LVCMOS33
	FIXED_IO_mio[9] of IOStandard LVCMOS33
	FIXED_IO_mio[8] of IOStandard LVCMOS33
	FIXED_IO_mio[7] of IOStandard LVCMOS33
	FIXED_IO_mio[6] of IOStandard LVCMOS33
	FIXED_IO_mio[5] of IOStandard LVCMOS33
	FIXED_IO_mio[4] of IOStandard LVCMOS33
	FIXED_IO_mio[3] of IOStandard LVCMOS33
	FIXED_IO_mio[2] of IOStandard LVCMOS33
	FIXED_IO_mio[1] of IOStandard LVCMOS33
	FIXED_IO_mio[0] of IOStandard LVCMOS33
INFO: [Timing 38-35] Done setting XDC timing constraints.

Phase 1.1.1.18 IO and Clk Clean Up

Phase 1.1.1.18.1 Constructing HAPIClkRuleMgr
Phase 1.1.1.18.1 Constructing HAPIClkRuleMgr | Checksum: 4fb28ccb

Time (s): cpu = 00:00:01 ; elapsed = 00:00:02 . Memory (MB): peak = 1775.543 ; gain = 72.035 ; free physical = 151 ; free virtual = 12474
Phase 1.1.1.18 IO and Clk Clean Up | Checksum: 4fb28ccb

Time (s): cpu = 00:00:01 ; elapsed = 00:00:02 . Memory (MB): peak = 1775.543 ; gain = 72.035 ; free physical = 151 ; free virtual = 12474

Phase 1.1.1.19 Implementation Feasibility check On IDelay
Phase 1.1.1.19 Implementation Feasibility check On IDelay | Checksum: 4fb28ccb

Time (s): cpu = 00:00:01 ; elapsed = 00:00:02 . Memory (MB): peak = 1775.543 ; gain = 72.035 ; free physical = 151 ; free virtual = 12474

Phase 1.1.1.20 Commit IO Placement
Phase 1.1.1.20 Commit IO Placement | Checksum: e19b868b

Time (s): cpu = 00:00:01 ; elapsed = 00:00:02 . Memory (MB): peak = 1775.543 ; gain = 72.035 ; free physical = 151 ; free virtual = 12474
Phase 1.1.1 ParallelPlaceIOClockAndInitTop | Checksum: e19b868b

Time (s): cpu = 00:00:01 ; elapsed = 00:00:02 . Memory (MB): peak = 1775.543 ; gain = 72.035 ; free physical = 151 ; free virtual = 12474
Phase 1.1 IO Placement/ Clock Placement/ Build Placer Device | Checksum: 1d3cf3622

Time (s): cpu = 00:00:01 ; elapsed = 00:00:02 . Memory (MB): peak = 1775.543 ; gain = 72.035 ; free physical = 151 ; free virtual = 12474

Phase 1.2 Build Placer Netlist Model

Phase 1.2.1 Place Init Design

Phase 1.2.1.1 Make Others
Phase 1.2.1.1 Make Others | Checksum: 23512eed1

Time (s): cpu = 00:00:02 ; elapsed = 00:00:02 . Memory (MB): peak = 1775.543 ; gain = 72.035 ; free physical = 151 ; free virtual = 12474

Phase 1.2.1.2 Init Lut Pin Assignment
Phase 1.2.1.2 Init Lut Pin Assignment | Checksum: 23512eed1

Time (s): cpu = 00:00:02 ; elapsed = 00:00:02 . Memory (MB): peak = 1775.543 ; gain = 72.035 ; free physical = 151 ; free virtual = 12474
Phase 1.2.1 Place Init Design | Checksum: 2d21757ca

Time (s): cpu = 00:00:02 ; elapsed = 00:00:02 . Memory (MB): peak = 1789.195 ; gain = 85.688 ; free physical = 143 ; free virtual = 12466
Phase 1.2 Build Placer Netlist Model | Checksum: 2d21757ca

Time (s): cpu = 00:00:02 ; elapsed = 00:00:02 . Memory (MB): peak = 1789.195 ; gain = 85.688 ; free physical = 143 ; free virtual = 12466

Phase 1.3 Constrain Clocks/Macros
Phase 1.3 Constrain Clocks/Macros | Checksum: 2d21757ca

Time (s): cpu = 00:00:02 ; elapsed = 00:00:02 . Memory (MB): peak = 1789.195 ; gain = 85.688 ; free physical = 143 ; free virtual = 12466
Phase 1 Placer Initialization | Checksum: 2d21757ca

Time (s): cpu = 00:00:02 ; elapsed = 00:00:02 . Memory (MB): peak = 1789.195 ; gain = 85.688 ; free physical = 143 ; free virtual = 12466

Phase 2 Global Placement
Phase 2 Global Placement | Checksum: 1d593aca6

Time (s): cpu = 00:00:03 ; elapsed = 00:00:02 . Memory (MB): peak = 1853.227 ; gain = 149.719 ; free physical = 142 ; free virtual = 12465

Phase 3 Detail Placement

Phase 3.1 Commit Multi Column Macros
Phase 3.1 Commit Multi Column Macros | Checksum: 1d593aca6

Time (s): cpu = 00:00:03 ; elapsed = 00:00:02 . Memory (MB): peak = 1853.227 ; gain = 149.719 ; free physical = 142 ; free virtual = 12465

Phase 3.2 Commit Most Macros & LUTRAMs
Phase 3.2 Commit Most Macros & LUTRAMs | Checksum: 214e2d95f

Time (s): cpu = 00:00:03 ; elapsed = 00:00:02 . Memory (MB): peak = 1853.227 ; gain = 149.719 ; free physical = 142 ; free virtual = 12465

Phase 3.3 Area Swap Optimization
Phase 3.3 Area Swap Optimization | Checksum: 1ba1bea40

Time (s): cpu = 00:00:03 ; elapsed = 00:00:02 . Memory (MB): peak = 1853.227 ; gain = 149.719 ; free physical = 142 ; free virtual = 12465

Phase 3.4 updateClock Trees: DP
Phase 3.4 updateClock Trees: DP | Checksum: 1ba1bea40

Time (s): cpu = 00:00:03 ; elapsed = 00:00:02 . Memory (MB): peak = 1853.227 ; gain = 149.719 ; free physical = 142 ; free virtual = 12465

Phase 3.5 Timing Path Optimizer
Phase 3.5 Timing Path Optimizer | Checksum: 21691a38b

Time (s): cpu = 00:00:03 ; elapsed = 00:00:02 . Memory (MB): peak = 1853.227 ; gain = 149.719 ; free physical = 142 ; free virtual = 12465

Phase 3.6 Fast Optimization
Phase 3.6 Fast Optimization | Checksum: 21691a38b

Time (s): cpu = 00:00:03 ; elapsed = 00:00:02 . Memory (MB): peak = 1853.227 ; gain = 149.719 ; free physical = 142 ; free virtual = 12465

Phase 3.7 Small Shape Detail Placement
Phase 3.7 Small Shape Detail Placement | Checksum: 18d98d337

Time (s): cpu = 00:00:03 ; elapsed = 00:00:02 . Memory (MB): peak = 1853.227 ; gain = 149.719 ; free physical = 143 ; free virtual = 12465

Phase 3.8 Re-assign LUT pins
Phase 3.8 Re-assign LUT pins | Checksum: 18d98d337

Time (s): cpu = 00:00:03 ; elapsed = 00:00:02 . Memory (MB): peak = 1853.227 ; gain = 149.719 ; free physical = 143 ; free virtual = 12465

Phase 3.9 Pipeline Register Optimization
Phase 3.9 Pipeline Register Optimization | Checksum: 18d98d337

Time (s): cpu = 00:00:03 ; elapsed = 00:00:02 . Memory (MB): peak = 1853.227 ; gain = 149.719 ; free physical = 143 ; free virtual = 12465

Phase 3.10 Fast Optimization
Phase 3.10 Fast Optimization | Checksum: 18d98d337

Time (s): cpu = 00:00:04 ; elapsed = 00:00:02 . Memory (MB): peak = 1853.227 ; gain = 149.719 ; free physical = 142 ; free virtual = 12465
Phase 3 Detail Placement | Checksum: 18d98d337

Time (s): cpu = 00:00:04 ; elapsed = 00:00:02 . Memory (MB): peak = 1853.227 ; gain = 149.719 ; free physical = 142 ; free virtual = 12465

Phase 4 Post Placement Optimization and Clean-Up

Phase 4.1 Post Commit Optimization
INFO: [Timing 38-35] Done setting XDC timing constraints.

Phase 4.1.1 updateClock Trees: PCOPT
Phase 4.1.1 updateClock Trees: PCOPT | Checksum: 1ffca1cf5

Time (s): cpu = 00:00:04 ; elapsed = 00:00:02 . Memory (MB): peak = 1853.227 ; gain = 149.719 ; free physical = 143 ; free virtual = 12466

Phase 4.1.2 Post Placement Optimization
INFO: [Place 30-746] Post Placement Timing Summary WNS=7.250. For the most accurate timing information please run report_timing.
Phase 4.1.2 Post Placement Optimization | Checksum: 16d0b3fdd

Time (s): cpu = 00:00:04 ; elapsed = 00:00:02 . Memory (MB): peak = 1853.227 ; gain = 149.719 ; free physical = 143 ; free virtual = 12466
Phase 4.1 Post Commit Optimization | Checksum: 16d0b3fdd

Time (s): cpu = 00:00:04 ; elapsed = 00:00:02 . Memory (MB): peak = 1853.227 ; gain = 149.719 ; free physical = 143 ; free virtual = 12466

Phase 4.2 Sweep Clock Roots: Post-Placement
Phase 4.2 Sweep Clock Roots: Post-Placement | Checksum: 16d0b3fdd

Time (s): cpu = 00:00:04 ; elapsed = 00:00:02 . Memory (MB): peak = 1853.227 ; gain = 149.719 ; free physical = 143 ; free virtual = 12466

Phase 4.3 Uram Pipeline Register Optimization
Phase 4.3 Uram Pipeline Register Optimization | Checksum: 16d0b3fdd

Time (s): cpu = 00:00:04 ; elapsed = 00:00:02 . Memory (MB): peak = 1853.227 ; gain = 149.719 ; free physical = 143 ; free virtual = 12466

Phase 4.4 Post Placement Cleanup
Phase 4.4 Post Placement Cleanup | Checksum: 16d0b3fdd

Time (s): cpu = 00:00:04 ; elapsed = 00:00:02 . Memory (MB): peak = 1853.227 ; gain = 149.719 ; free physical = 143 ; free virtual = 12466

Phase 4.5 Placer Reporting
Phase 4.5 Placer Reporting | Checksum: 16d0b3fdd

Time (s): cpu = 00:00:04 ; elapsed = 00:00:02 . Memory (MB): peak = 1853.227 ; gain = 149.719 ; free physical = 143 ; free virtual = 12466

Phase 4.6 Final Placement Cleanup
Phase 4.6 Final Placement Cleanup | Checksum: 16d0b3fdd

Time (s): cpu = 00:00:04 ; elapsed = 00:00:02 . Memory (MB): peak = 1853.227 ; gain = 149.719 ; free physical = 143 ; free virtual = 12466
Phase 4 Post Placement Optimization and Clean-Up | Checksum: 16d0b3fdd

Time (s): cpu = 00:00:04 ; elapsed = 00:00:02 . Memory (MB): peak = 1853.227 ; gain = 149.719 ; free physical = 143 ; free virtual = 12466
Ending Placer Task | Checksum: 1540d71c2

Time (s): cpu = 00:00:04 ; elapsed = 00:00:02 . Memory (MB): peak = 1853.227 ; gain = 149.719 ; free physical = 143 ; free virtual = 12466
INFO: [Common 17-83] Releasing license: Implementation
35 Infos, 74 Warnings, 76 Critical Warnings and 0 Errors encountered.
place_design completed successfully
Writing placer database...
Writing XDEF routing.
Writing XDEF routing logical nets.
Writing XDEF routing special nets.
Write XDEF Complete: Time (s): cpu = 00:00:00.12 ; elapsed = 00:00:00.04 . Memory (MB): peak = 1853.227 ; gain = 0.000 ; free physical = 141 ; free virtual = 12466
report_io: Time (s): cpu = 00:00:00.25 ; elapsed = 00:00:00.31 . Memory (MB): peak = 1853.227 ; gain = 0.000 ; free physical = 140 ; free virtual = 12463
report_utilization: Time (s): cpu = 00:00:00.23 ; elapsed = 00:00:00.27 . Memory (MB): peak = 1853.227 ; gain = 0.000 ; free physical = 140 ; free virtual = 12463
report_control_sets: Time (s): cpu = 00:00:00.15 ; elapsed = 00:00:00.23 . Memory (MB): peak = 1853.227 ; gain = 0.000 ; free physical = 139 ; free virtual = 12462
Command: route_design
Attempting to get a license for feature 'Implementation' and/or device 'xc7z010'
INFO: [Common 17-349] Got license for feature 'Implementation' and/or device 'xc7z010'
Running DRC as a precondition to command route_design
INFO: [DRC 23-27] Running DRC with 8 threads
WARNING: [DRC 23-20] Rule violation (PLIO-7) Placement Constraints Check for IO constraints - An IO Bus FIXED_IO_mio[31:0] with more than one IO standard is found. Components associated with this bus are: LVCMOS18 (FIXED_IO_mio[27], FIXED_IO_mio[26], FIXED_IO_mio[25], FIXED_IO_mio[24], FIXED_IO_mio[23], FIXED_IO_mio[22], FIXED_IO_mio[21], FIXED_IO_mio[20], FIXED_IO_mio[19], FIXED_IO_mio[18], FIXED_IO_mio[17], FIXED_IO_mio[16]); LVCMOS33 (FIXED_IO_mio[31], FIXED_IO_mio[30], FIXED_IO_mio[29], FIXED_IO_mio[28], FIXED_IO_mio[15], FIXED_IO_mio[14], FIXED_IO_mio[13], FIXED_IO_mio[12], FIXED_IO_mio[11], FIXED_IO_mio[10], FIXED_IO_mio[9], FIXED_IO_mio[8], FIXED_IO_mio[7], FIXED_IO_mio[6], FIXED_IO_mio[5] (the first 15 of 20 listed)); 
INFO: [Vivado_Tcl 4-198] DRC finished with 0 Errors, 1 Warnings
INFO: [Vivado_Tcl 4-199] Please refer to the DRC report (report_drc) for more information.


Starting Routing Task
INFO: [Route 35-254] Multithreading enabled for route_design using a maximum of 8 CPUs
Checksum: PlaceDB: 61d9c22b ConstDB: 0 ShapeSum: f233af97 RouteDB: 0

Phase 1 Build RT Design
Phase 1 Build RT Design | Checksum: 1f8cbbd1

Time (s): cpu = 00:00:15 ; elapsed = 00:00:14 . Memory (MB): peak = 1853.227 ; gain = 0.000 ; free physical = 132 ; free virtual = 12408

Phase 2 Router Initialization

Phase 2.1 Create Timer
Phase 2.1 Create Timer | Checksum: 1f8cbbd1

Time (s): cpu = 00:00:15 ; elapsed = 00:00:14 . Memory (MB): peak = 1853.227 ; gain = 0.000 ; free physical = 132 ; free virtual = 12408

Phase 2.2 Fix Topology Constraints
Phase 2.2 Fix Topology Constraints | Checksum: 1f8cbbd1

Time (s): cpu = 00:00:15 ; elapsed = 00:00:14 . Memory (MB): peak = 1853.227 ; gain = 0.000 ; free physical = 142 ; free virtual = 12382

Phase 2.3 Pre Route Cleanup
Phase 2.3 Pre Route Cleanup | Checksum: 1f8cbbd1

Time (s): cpu = 00:00:15 ; elapsed = 00:00:14 . Memory (MB): peak = 1853.227 ; gain = 0.000 ; free physical = 144 ; free virtual = 12382
 Number of Nodes with overlaps = 0

Phase 2.4 Update Timing
Phase 2.4 Update Timing | Checksum: 149adbd2d

Time (s): cpu = 00:00:15 ; elapsed = 00:00:14 . Memory (MB): peak = 1853.227 ; gain = 0.000 ; free physical = 150 ; free virtual = 12379
INFO: [Route 35-416] Intermediate Timing Summary | WNS=7.114  | TNS=0.000  | WHS=0.007  | THS=0.000  |

Phase 2 Router Initialization | Checksum: 14b59a638

Time (s): cpu = 00:00:16 ; elapsed = 00:00:14 . Memory (MB): peak = 1853.227 ; gain = 0.000 ; free physical = 150 ; free virtual = 12379

Phase 3 Initial Routing
Phase 3 Initial Routing | Checksum: 2672f8a4b

Time (s): cpu = 00:00:16 ; elapsed = 00:00:14 . Memory (MB): peak = 1853.227 ; gain = 0.000 ; free physical = 149 ; free virtual = 12378

Phase 4 Rip-up And Reroute

Phase 4.1 Global Iteration 0
 Number of Nodes with overlaps = 0

Phase 4.1.1 Update Timing
Phase 4.1.1 Update Timing | Checksum: 27af362ce

Time (s): cpu = 00:00:16 ; elapsed = 00:00:14 . Memory (MB): peak = 1853.227 ; gain = 0.000 ; free physical = 149 ; free virtual = 12378
INFO: [Route 35-416] Intermediate Timing Summary | WNS=6.805  | TNS=0.000  | WHS=N/A    | THS=N/A    |

Phase 4.1 Global Iteration 0 | Checksum: 27e4e79c9

Time (s): cpu = 00:00:17 ; elapsed = 00:00:14 . Memory (MB): peak = 1853.227 ; gain = 0.000 ; free physical = 149 ; free virtual = 12378
Phase 4 Rip-up And Reroute | Checksum: 27e4e79c9

Time (s): cpu = 00:00:17 ; elapsed = 00:00:14 . Memory (MB): peak = 1853.227 ; gain = 0.000 ; free physical = 149 ; free virtual = 12378

Phase 5 Delay and Skew Optimization

Phase 5.1 Delay CleanUp

Phase 5.1.1 Update Timing
Phase 5.1.1 Update Timing | Checksum: 228305269

Time (s): cpu = 00:00:17 ; elapsed = 00:00:14 . Memory (MB): peak = 1853.227 ; gain = 0.000 ; free physical = 149 ; free virtual = 12378
INFO: [Route 35-416] Intermediate Timing Summary | WNS=6.958  | TNS=0.000  | WHS=N/A    | THS=N/A    |

Phase 5.1 Delay CleanUp | Checksum: 228305269

Time (s): cpu = 00:00:17 ; elapsed = 00:00:14 . Memory (MB): peak = 1853.227 ; gain = 0.000 ; free physical = 149 ; free virtual = 12378

Phase 5.2 Clock Skew Optimization
Phase 5.2 Clock Skew Optimization | Checksum: 228305269

Time (s): cpu = 00:00:17 ; elapsed = 00:00:14 . Memory (MB): peak = 1853.227 ; gain = 0.000 ; free physical = 149 ; free virtual = 12378
Phase 5 Delay and Skew Optimization | Checksum: 228305269

Time (s): cpu = 00:00:17 ; elapsed = 00:00:14 . Memory (MB): peak = 1853.227 ; gain = 0.000 ; free physical = 149 ; free virtual = 12378

Phase 6 Post Hold Fix

Phase 6.1 Hold Fix Iter

Phase 6.1.1 Update Timing
Phase 6.1.1 Update Timing | Checksum: 252acb1fc

Time (s): cpu = 00:00:17 ; elapsed = 00:00:14 . Memory (MB): peak = 1853.227 ; gain = 0.000 ; free physical = 149 ; free virtual = 12378
INFO: [Route 35-416] Intermediate Timing Summary | WNS=6.958  | TNS=0.000  | WHS=0.315  | THS=0.000  |

Phase 6.1 Hold Fix Iter | Checksum: 1e757b49f

Time (s): cpu = 00:00:17 ; elapsed = 00:00:14 . Memory (MB): peak = 1853.227 ; gain = 0.000 ; free physical = 149 ; free virtual = 12378
Phase 6 Post Hold Fix | Checksum: 1e757b49f

Time (s): cpu = 00:00:17 ; elapsed = 00:00:14 . Memory (MB): peak = 1853.227 ; gain = 0.000 ; free physical = 149 ; free virtual = 12378

Phase 7 Route finalize

Router Utilization Summary
  Global Vertical Routing Utilization    = 0.0109797 %
  Global Horizontal Routing Utilization  = 0.0307904 %
  Routable Net Status*
  *Does not include unroutable nets such as driverless and loadless.
  Run report_route_status for detailed report.
  Number of Failed Nets               = 0
  Number of Unrouted Nets             = 0
  Number of Partially Routed Nets     = 0
  Number of Node Overlaps             = 0

Phase 7 Route finalize | Checksum: 200a839c6

Time (s): cpu = 00:00:17 ; elapsed = 00:00:14 . Memory (MB): peak = 1853.227 ; gain = 0.000 ; free physical = 149 ; free virtual = 12378

Phase 8 Verifying routed nets

 Verification completed successfully
Phase 8 Verifying routed nets | Checksum: 200a839c6

Time (s): cpu = 00:00:17 ; elapsed = 00:00:14 . Memory (MB): peak = 1853.227 ; gain = 0.000 ; free physical = 147 ; free virtual = 12376

Phase 9 Depositing Routes
Phase 9 Depositing Routes | Checksum: 217750ad0

Time (s): cpu = 00:00:17 ; elapsed = 00:00:14 . Memory (MB): peak = 1853.227 ; gain = 0.000 ; free physical = 147 ; free virtual = 12376

Phase 10 Post Router Timing
INFO: [Route 35-57] Estimated Timing Summary | WNS=6.958  | TNS=0.000  | WHS=0.315  | THS=0.000  |

INFO: [Route 35-327] The final timing numbers are based on the router estimated timing analysis. For a complete and accurate timing signoff, please run report_timing_summary.
Phase 10 Post Router Timing | Checksum: 217750ad0

Time (s): cpu = 00:00:17 ; elapsed = 00:00:14 . Memory (MB): peak = 1853.227 ; gain = 0.000 ; free physical = 147 ; free virtual = 12376
INFO: [Route 35-16] Router Completed Successfully

Time (s): cpu = 00:00:17 ; elapsed = 00:00:14 . Memory (MB): peak = 1853.227 ; gain = 0.000 ; free physical = 147 ; free virtual = 12376

Routing Is Done.
INFO: [Common 17-83] Releasing license: Implementation
48 Infos, 75 Warnings, 76 Critical Warnings and 0 Errors encountered.
route_design completed successfully
route_design: Time (s): cpu = 00:00:18 ; elapsed = 00:00:15 . Memory (MB): peak = 1853.227 ; gain = 0.000 ; free physical = 147 ; free virtual = 12376
Writing placer database...
Writing XDEF routing.
Writing XDEF routing logical nets.
Writing XDEF routing special nets.
Write XDEF Complete: Time (s): cpu = 00:00:00.21 ; elapsed = 00:00:00.07 . Memory (MB): peak = 1853.227 ; gain = 0.000 ; free physical = 145 ; free virtual = 12375
INFO: [DRC 23-27] Running DRC with 8 threads
INFO: [Coretcl 2-168] The results of DRC are in file /home/exchizz/SDU/Skole/7.Semester/EMB1/VHDL/EMB_group_4/Lab5/Lab5.runs/impl_1/Lab5_wrapper_drc_routed.rpt.
INFO: [Timing 38-91] UpdateTimingParams: Speed grade: -1, Delay Type: min_max.
INFO: [Timing 38-191] Multithreading enabled for timing update using a maximum of 8 CPUs
Running Vector-less Activity Propagation...

Finished Running Vector-less Activity Propagation
INFO: [Common 17-206] Exiting Vivado at Wed Oct 26 14:50:33 2016...

*** Running vivado
    with args -log Lab5_wrapper.vdi -applog -m64 -messageDb vivado.pb -mode batch -source Lab5_wrapper.tcl -notrace


****** Vivado v2016.2 (64-bit)
  **** SW Build 1577090 on Thu Jun  2 16:32:35 MDT 2016
  **** IP Build 1577682 on Fri Jun  3 12:00:54 MDT 2016
    ** Copyright 1986-2016 Xilinx, Inc. All Rights Reserved.

source Lab5_wrapper.tcl -notrace
Command: open_checkpoint Lab5_wrapper_routed.dcp

Starting open_checkpoint Task

Time (s): cpu = 00:00:00.03 ; elapsed = 00:00:00.02 . Memory (MB): peak = 966.184 ; gain = 0.000 ; free physical = 878 ; free virtual = 13063
INFO: [Netlist 29-17] Analyzing 14 Unisim elements for replacement
INFO: [Netlist 29-28] Unisim Transformation completed in 0 CPU seconds
INFO: [Project 1-479] Netlist was created with Vivado 2016.2
INFO: [Device 21-403] Loading part xc7z010clg225-1
INFO: [Project 1-570] Preparing netlist for logic optimization
Parsing XDC File [/home/exchizz/SDU/Skole/7.Semester/EMB1/VHDL/EMB_group_4/Lab5/Lab5.runs/impl_1/.Xil/Vivado-13829-Error404/dcp/Lab5_wrapper_early.xdc]
Finished Parsing XDC File [/home/exchizz/SDU/Skole/7.Semester/EMB1/VHDL/EMB_group_4/Lab5/Lab5.runs/impl_1/.Xil/Vivado-13829-Error404/dcp/Lab5_wrapper_early.xdc]
Parsing XDC File [/home/exchizz/SDU/Skole/7.Semester/EMB1/VHDL/EMB_group_4/Lab5/Lab5.runs/impl_1/.Xil/Vivado-13829-Error404/dcp/Lab5_wrapper.xdc]
Finished Parsing XDC File [/home/exchizz/SDU/Skole/7.Semester/EMB1/VHDL/EMB_group_4/Lab5/Lab5.runs/impl_1/.Xil/Vivado-13829-Error404/dcp/Lab5_wrapper.xdc]
Reading XDEF placement.
Reading placer database...
Reading XDEF routing.
Read XDEF File: Time (s): cpu = 00:00:00.39 ; elapsed = 00:00:00.40 . Memory (MB): peak = 1230.949 ; gain = 1.000 ; free physical = 647 ; free virtual = 12834
Restored from archive | CPU: 0.390000 secs | Memory: 0.150574 MB |
Finished XDEF File Restore: Time (s): cpu = 00:00:00.39 ; elapsed = 00:00:00.40 . Memory (MB): peak = 1230.949 ; gain = 1.000 ; free physical = 647 ; free virtual = 12834
INFO: [Project 1-111] Unisim Transformation Summary:
No Unisim elements were transformed.

INFO: [Project 1-604] Checkpoint was created with Vivado v2016.2 (64-bit) build 1577090
open_checkpoint: Time (s): cpu = 00:00:08 ; elapsed = 00:00:08 . Memory (MB): peak = 1230.949 ; gain = 264.766 ; free physical = 648 ; free virtual = 12833
Attempting to get a license for feature 'Implementation' and/or device 'xc7z010'
INFO: [Common 17-349] Got license for feature 'Implementation' and/or device 'xc7z010'
Running DRC as a precondition to command write_bitstream
INFO: [DRC 23-27] Running DRC with 8 threads
INFO: [Vivado 12-3199] DRC finished with 0 Errors
INFO: [Vivado 12-3200] Please refer to the DRC report (report_drc) for more information.
INFO: [Designutils 20-2272] Running write_bitstream with 8 threads.
Loading data files...
Loading site data...
Loading route data...
Processing options...
Creating bitmap...
Creating bitstream...
Writing bitstream ./Lab5_wrapper.bit...
INFO: [Vivado 12-1842] Bitgen Completed Successfully.
INFO: [Project 1-120] WebTalk data collection is mandatory when using a WebPACK part without a full Vivado license. To see the specific WebTalk data collected for your design, open the usage_statistics_webtalk.html or usage_statistics_webtalk.xml file in the implementation directory.
INFO: [Common 17-186] '/home/exchizz/SDU/Skole/7.Semester/EMB1/VHDL/EMB_group_4/Lab5/Lab5.runs/impl_1/usage_statistics_webtalk.xml' has been successfully sent to Xilinx on Wed Oct 26 14:51:10 2016. For additional details about this file, please refer to the WebTalk help file at /opt/Xilinx/Vivado/2016.2/doc/webtalk_introduction.html.
INFO: [Common 17-83] Releasing license: Implementation
write_bitstream: Time (s): cpu = 00:00:13 ; elapsed = 00:00:12 . Memory (MB): peak = 1660.629 ; gain = 429.680 ; free physical = 269 ; free virtual = 12464
INFO: [Common 17-206] Exiting Vivado at Wed Oct 26 14:51:10 2016...
