
*** Running vivado
    with args -log design_1_wrapper.vdi -applog -m64 -messageDb vivado.pb -mode batch -source design_1_wrapper.tcl -notrace


****** Vivado v2016.2 (64-bit)
  **** SW Build 1577090 on Thu Jun  2 16:32:35 MDT 2016
  **** IP Build 1577682 on Fri Jun  3 12:00:54 MDT 2016
    ** Copyright 1986-2016 Xilinx, Inc. All Rights Reserved.

source design_1_wrapper.tcl -notrace
Design is defaulting to srcset: sources_1
Design is defaulting to constrset: constrs_1
INFO: [Netlist 29-17] Analyzing 78 Unisim elements for replacement
INFO: [Netlist 29-28] Unisim Transformation completed in 0 CPU seconds
INFO: [Project 1-479] Netlist was created with Vivado 2016.2
INFO: [Device 21-403] Loading part xc7z010clg225-1
INFO: [Project 1-570] Preparing netlist for logic optimization
Parsing XDC File [/home/exchizz/SDU/Skole/7.Semester/EMB1/VHDL/EMB_group_4/Lektion7/Lektion7.srcs/sources_1/bd/design_1/ip/design_1_processing_system7_0_0/design_1_processing_system7_0_0.xdc] for cell 'design_1_i/processing_system7_0/inst'
WARNING: [Vivado 12-584] No ports matched 'MIO[53]'. [/home/exchizz/SDU/Skole/7.Semester/EMB1/VHDL/EMB_group_4/Lektion7/Lektion7.srcs/sources_1/bd/design_1/ip/design_1_processing_system7_0_0/design_1_processing_system7_0_0.xdc:33]
CRITICAL WARNING: [Common 17-55] 'set_property' expects at least one object. [/home/exchizz/SDU/Skole/7.Semester/EMB1/VHDL/EMB_group_4/Lektion7/Lektion7.srcs/sources_1/bd/design_1/ip/design_1_processing_system7_0_0/design_1_processing_system7_0_0.xdc:33]
Resolution: If [get_<value>] was used to populate the object, check to make sure this command returns at least one valid object.
WARNING: [Vivado 12-584] No ports matched 'MIO[53]'. [/home/exchizz/SDU/Skole/7.Semester/EMB1/VHDL/EMB_group_4/Lektion7/Lektion7.srcs/sources_1/bd/design_1/ip/design_1_processing_system7_0_0/design_1_processing_system7_0_0.xdc:34]
CRITICAL WARNING: [Common 17-55] 'set_property' expects at least one object. [/home/exchizz/SDU/Skole/7.Semester/EMB1/VHDL/EMB_group_4/Lektion7/Lektion7.srcs/sources_1/bd/design_1/ip/design_1_processing_system7_0_0/design_1_processing_system7_0_0.xdc:34]
Resolution: If [get_<value>] was used to populate the object, check to make sure this command returns at least one valid object.
WARNING: [Vivado 12-584] No ports matched 'MIO[53]'. [/home/exchizz/SDU/Skole/7.Semester/EMB1/VHDL/EMB_group_4/Lektion7/Lektion7.srcs/sources_1/bd/design_1/ip/design_1_processing_system7_0_0/design_1_processing_system7_0_0.xdc:35]
CRITICAL WARNING: [Common 17-55] 'set_property' expects at least one object. [/home/exchizz/SDU/Skole/7.Semester/EMB1/VHDL/EMB_group_4/Lektion7/Lektion7.srcs/sources_1/bd/design_1/ip/design_1_processing_system7_0_0/design_1_processing_system7_0_0.xdc:35]
Resolution: If [get_<value>] was used to populate the object, check to make sure this command returns at least one valid object.
WARNING: [Vivado 12-584] No ports matched 'MIO[53]'. [/home/exchizz/SDU/Skole/7.Semester/EMB1/VHDL/EMB_group_4/Lektion7/Lektion7.srcs/sources_1/bd/design_1/ip/design_1_processing_system7_0_0/design_1_processing_system7_0_0.xdc:36]
CRITICAL WARNING: [Common 17-55] 'set_property' expects at least one object. [/home/exchizz/SDU/Skole/7.Semester/EMB1/VHDL/EMB_group_4/Lektion7/Lektion7.srcs/sources_1/bd/design_1/ip/design_1_processing_system7_0_0/design_1_processing_system7_0_0.xdc:36]
Resolution: If [get_<value>] was used to populate the object, check to make sure this command returns at least one valid object.
WARNING: [Vivado 12-584] No ports matched 'MIO[53]'. [/home/exchizz/SDU/Skole/7.Semester/EMB1/VHDL/EMB_group_4/Lektion7/Lektion7.srcs/sources_1/bd/design_1/ip/design_1_processing_system7_0_0/design_1_processing_system7_0_0.xdc:37]
CRITICAL WARNING: [Common 17-55] 'set_property' expects at least one object. [/home/exchizz/SDU/Skole/7.Semester/EMB1/VHDL/EMB_group_4/Lektion7/Lektion7.srcs/sources_1/bd/design_1/ip/design_1_processing_system7_0_0/design_1_processing_system7_0_0.xdc:37]
Resolution: If [get_<value>] was used to populate the object, check to make sure this command returns at least one valid object.
WARNING: [Vivado 12-584] No ports matched 'MIO[53]'. [/home/exchizz/SDU/Skole/7.Semester/EMB1/VHDL/EMB_group_4/Lektion7/Lektion7.srcs/sources_1/bd/design_1/ip/design_1_processing_system7_0_0/design_1_processing_system7_0_0.xdc:38]
CRITICAL WARNING: [Common 17-55] 'set_property' expects at least one object. [/home/exchizz/SDU/Skole/7.Semester/EMB1/VHDL/EMB_group_4/Lektion7/Lektion7.srcs/sources_1/bd/design_1/ip/design_1_processing_system7_0_0/design_1_processing_system7_0_0.xdc:38]
Resolution: If [get_<value>] was used to populate the object, check to make sure this command returns at least one valid object.
WARNING: [Vivado 12-584] No ports matched 'MIO[52]'. [/home/exchizz/SDU/Skole/7.Semester/EMB1/VHDL/EMB_group_4/Lektion7/Lektion7.srcs/sources_1/bd/design_1/ip/design_1_processing_system7_0_0/design_1_processing_system7_0_0.xdc:40]
CRITICAL WARNING: [Common 17-55] 'set_property' expects at least one object. [/home/exchizz/SDU/Skole/7.Semester/EMB1/VHDL/EMB_group_4/Lektion7/Lektion7.srcs/sources_1/bd/design_1/ip/design_1_processing_system7_0_0/design_1_processing_system7_0_0.xdc:40]
Resolution: If [get_<value>] was used to populate the object, check to make sure this command returns at least one valid object.
WARNING: [Vivado 12-584] No ports matched 'MIO[52]'. [/home/exchizz/SDU/Skole/7.Semester/EMB1/VHDL/EMB_group_4/Lektion7/Lektion7.srcs/sources_1/bd/design_1/ip/design_1_processing_system7_0_0/design_1_processing_system7_0_0.xdc:41]
CRITICAL WARNING: [Common 17-55] 'set_property' expects at least one object. [/home/exchizz/SDU/Skole/7.Semester/EMB1/VHDL/EMB_group_4/Lektion7/Lektion7.srcs/sources_1/bd/design_1/ip/design_1_processing_system7_0_0/design_1_processing_system7_0_0.xdc:41]
Resolution: If [get_<value>] was used to populate the object, check to make sure this command returns at least one valid object.
WARNING: [Vivado 12-584] No ports matched 'MIO[52]'. [/home/exchizz/SDU/Skole/7.Semester/EMB1/VHDL/EMB_group_4/Lektion7/Lektion7.srcs/sources_1/bd/design_1/ip/design_1_processing_system7_0_0/design_1_processing_system7_0_0.xdc:42]
CRITICAL WARNING: [Common 17-55] 'set_property' expects at least one object. [/home/exchizz/SDU/Skole/7.Semester/EMB1/VHDL/EMB_group_4/Lektion7/Lektion7.srcs/sources_1/bd/design_1/ip/design_1_processing_system7_0_0/design_1_processing_system7_0_0.xdc:42]
Resolution: If [get_<value>] was used to populate the object, check to make sure this command returns at least one valid object.
WARNING: [Vivado 12-584] No ports matched 'MIO[52]'. [/home/exchizz/SDU/Skole/7.Semester/EMB1/VHDL/EMB_group_4/Lektion7/Lektion7.srcs/sources_1/bd/design_1/ip/design_1_processing_system7_0_0/design_1_processing_system7_0_0.xdc:43]
CRITICAL WARNING: [Common 17-55] 'set_property' expects at least one object. [/home/exchizz/SDU/Skole/7.Semester/EMB1/VHDL/EMB_group_4/Lektion7/Lektion7.srcs/sources_1/bd/design_1/ip/design_1_processing_system7_0_0/design_1_processing_system7_0_0.xdc:43]
Resolution: If [get_<value>] was used to populate the object, check to make sure this command returns at least one valid object.
WARNING: [Vivado 12-584] No ports matched 'MIO[52]'. [/home/exchizz/SDU/Skole/7.Semester/EMB1/VHDL/EMB_group_4/Lektion7/Lektion7.srcs/sources_1/bd/design_1/ip/design_1_processing_system7_0_0/design_1_processing_system7_0_0.xdc:44]
CRITICAL WARNING: [Common 17-55] 'set_property' expects at least one object. [/home/exchizz/SDU/Skole/7.Semester/EMB1/VHDL/EMB_group_4/Lektion7/Lektion7.srcs/sources_1/bd/design_1/ip/design_1_processing_system7_0_0/design_1_processing_system7_0_0.xdc:44]
Resolution: If [get_<value>] was used to populate the object, check to make sure this command returns at least one valid object.
WARNING: [Vivado 12-584] No ports matched 'MIO[52]'. [/home/exchizz/SDU/Skole/7.Semester/EMB1/VHDL/EMB_group_4/Lektion7/Lektion7.srcs/sources_1/bd/design_1/ip/design_1_processing_system7_0_0/design_1_processing_system7_0_0.xdc:45]
CRITICAL WARNING: [Common 17-55] 'set_property' expects at least one object. [/home/exchizz/SDU/Skole/7.Semester/EMB1/VHDL/EMB_group_4/Lektion7/Lektion7.srcs/sources_1/bd/design_1/ip/design_1_processing_system7_0_0/design_1_processing_system7_0_0.xdc:45]
Resolution: If [get_<value>] was used to populate the object, check to make sure this command returns at least one valid object.
WARNING: [Vivado 12-584] No ports matched 'MIO[49]'. [/home/exchizz/SDU/Skole/7.Semester/EMB1/VHDL/EMB_group_4/Lektion7/Lektion7.srcs/sources_1/bd/design_1/ip/design_1_processing_system7_0_0/design_1_processing_system7_0_0.xdc:47]
CRITICAL WARNING: [Common 17-55] 'set_property' expects at least one object. [/home/exchizz/SDU/Skole/7.Semester/EMB1/VHDL/EMB_group_4/Lektion7/Lektion7.srcs/sources_1/bd/design_1/ip/design_1_processing_system7_0_0/design_1_processing_system7_0_0.xdc:47]
Resolution: If [get_<value>] was used to populate the object, check to make sure this command returns at least one valid object.
WARNING: [Vivado 12-584] No ports matched 'MIO[49]'. [/home/exchizz/SDU/Skole/7.Semester/EMB1/VHDL/EMB_group_4/Lektion7/Lektion7.srcs/sources_1/bd/design_1/ip/design_1_processing_system7_0_0/design_1_processing_system7_0_0.xdc:48]
CRITICAL WARNING: [Common 17-55] 'set_property' expects at least one object. [/home/exchizz/SDU/Skole/7.Semester/EMB1/VHDL/EMB_group_4/Lektion7/Lektion7.srcs/sources_1/bd/design_1/ip/design_1_processing_system7_0_0/design_1_processing_system7_0_0.xdc:48]
Resolution: If [get_<value>] was used to populate the object, check to make sure this command returns at least one valid object.
WARNING: [Vivado 12-584] No ports matched 'MIO[49]'. [/home/exchizz/SDU/Skole/7.Semester/EMB1/VHDL/EMB_group_4/Lektion7/Lektion7.srcs/sources_1/bd/design_1/ip/design_1_processing_system7_0_0/design_1_processing_system7_0_0.xdc:49]
CRITICAL WARNING: [Common 17-55] 'set_property' expects at least one object. [/home/exchizz/SDU/Skole/7.Semester/EMB1/VHDL/EMB_group_4/Lektion7/Lektion7.srcs/sources_1/bd/design_1/ip/design_1_processing_system7_0_0/design_1_processing_system7_0_0.xdc:49]
Resolution: If [get_<value>] was used to populate the object, check to make sure this command returns at least one valid object.
WARNING: [Vivado 12-584] No ports matched 'MIO[49]'. [/home/exchizz/SDU/Skole/7.Semester/EMB1/VHDL/EMB_group_4/Lektion7/Lektion7.srcs/sources_1/bd/design_1/ip/design_1_processing_system7_0_0/design_1_processing_system7_0_0.xdc:50]
CRITICAL WARNING: [Common 17-55] 'set_property' expects at least one object. [/home/exchizz/SDU/Skole/7.Semester/EMB1/VHDL/EMB_group_4/Lektion7/Lektion7.srcs/sources_1/bd/design_1/ip/design_1_processing_system7_0_0/design_1_processing_system7_0_0.xdc:50]
Resolution: If [get_<value>] was used to populate the object, check to make sure this command returns at least one valid object.
WARNING: [Vivado 12-584] No ports matched 'MIO[49]'. [/home/exchizz/SDU/Skole/7.Semester/EMB1/VHDL/EMB_group_4/Lektion7/Lektion7.srcs/sources_1/bd/design_1/ip/design_1_processing_system7_0_0/design_1_processing_system7_0_0.xdc:51]
CRITICAL WARNING: [Common 17-55] 'set_property' expects at least one object. [/home/exchizz/SDU/Skole/7.Semester/EMB1/VHDL/EMB_group_4/Lektion7/Lektion7.srcs/sources_1/bd/design_1/ip/design_1_processing_system7_0_0/design_1_processing_system7_0_0.xdc:51]
Resolution: If [get_<value>] was used to populate the object, check to make sure this command returns at least one valid object.
WARNING: [Vivado 12-584] No ports matched 'MIO[49]'. [/home/exchizz/SDU/Skole/7.Semester/EMB1/VHDL/EMB_group_4/Lektion7/Lektion7.srcs/sources_1/bd/design_1/ip/design_1_processing_system7_0_0/design_1_processing_system7_0_0.xdc:52]
CRITICAL WARNING: [Common 17-55] 'set_property' expects at least one object. [/home/exchizz/SDU/Skole/7.Semester/EMB1/VHDL/EMB_group_4/Lektion7/Lektion7.srcs/sources_1/bd/design_1/ip/design_1_processing_system7_0_0/design_1_processing_system7_0_0.xdc:52]
Resolution: If [get_<value>] was used to populate the object, check to make sure this command returns at least one valid object.
WARNING: [Vivado 12-584] No ports matched 'MIO[48]'. [/home/exchizz/SDU/Skole/7.Semester/EMB1/VHDL/EMB_group_4/Lektion7/Lektion7.srcs/sources_1/bd/design_1/ip/design_1_processing_system7_0_0/design_1_processing_system7_0_0.xdc:54]
CRITICAL WARNING: [Common 17-55] 'set_property' expects at least one object. [/home/exchizz/SDU/Skole/7.Semester/EMB1/VHDL/EMB_group_4/Lektion7/Lektion7.srcs/sources_1/bd/design_1/ip/design_1_processing_system7_0_0/design_1_processing_system7_0_0.xdc:54]
Resolution: If [get_<value>] was used to populate the object, check to make sure this command returns at least one valid object.
WARNING: [Vivado 12-584] No ports matched 'MIO[48]'. [/home/exchizz/SDU/Skole/7.Semester/EMB1/VHDL/EMB_group_4/Lektion7/Lektion7.srcs/sources_1/bd/design_1/ip/design_1_processing_system7_0_0/design_1_processing_system7_0_0.xdc:55]
CRITICAL WARNING: [Common 17-55] 'set_property' expects at least one object. [/home/exchizz/SDU/Skole/7.Semester/EMB1/VHDL/EMB_group_4/Lektion7/Lektion7.srcs/sources_1/bd/design_1/ip/design_1_processing_system7_0_0/design_1_processing_system7_0_0.xdc:55]
Resolution: If [get_<value>] was used to populate the object, check to make sure this command returns at least one valid object.
WARNING: [Vivado 12-584] No ports matched 'MIO[48]'. [/home/exchizz/SDU/Skole/7.Semester/EMB1/VHDL/EMB_group_4/Lektion7/Lektion7.srcs/sources_1/bd/design_1/ip/design_1_processing_system7_0_0/design_1_processing_system7_0_0.xdc:56]
CRITICAL WARNING: [Common 17-55] 'set_property' expects at least one object. [/home/exchizz/SDU/Skole/7.Semester/EMB1/VHDL/EMB_group_4/Lektion7/Lektion7.srcs/sources_1/bd/design_1/ip/design_1_processing_system7_0_0/design_1_processing_system7_0_0.xdc:56]
Resolution: If [get_<value>] was used to populate the object, check to make sure this command returns at least one valid object.
WARNING: [Vivado 12-584] No ports matched 'MIO[48]'. [/home/exchizz/SDU/Skole/7.Semester/EMB1/VHDL/EMB_group_4/Lektion7/Lektion7.srcs/sources_1/bd/design_1/ip/design_1_processing_system7_0_0/design_1_processing_system7_0_0.xdc:57]
CRITICAL WARNING: [Common 17-55] 'set_property' expects at least one object. [/home/exchizz/SDU/Skole/7.Semester/EMB1/VHDL/EMB_group_4/Lektion7/Lektion7.srcs/sources_1/bd/design_1/ip/design_1_processing_system7_0_0/design_1_processing_system7_0_0.xdc:57]
Resolution: If [get_<value>] was used to populate the object, check to make sure this command returns at least one valid object.
WARNING: [Vivado 12-584] No ports matched 'MIO[48]'. [/home/exchizz/SDU/Skole/7.Semester/EMB1/VHDL/EMB_group_4/Lektion7/Lektion7.srcs/sources_1/bd/design_1/ip/design_1_processing_system7_0_0/design_1_processing_system7_0_0.xdc:58]
CRITICAL WARNING: [Common 17-55] 'set_property' expects at least one object. [/home/exchizz/SDU/Skole/7.Semester/EMB1/VHDL/EMB_group_4/Lektion7/Lektion7.srcs/sources_1/bd/design_1/ip/design_1_processing_system7_0_0/design_1_processing_system7_0_0.xdc:58]
Resolution: If [get_<value>] was used to populate the object, check to make sure this command returns at least one valid object.
WARNING: [Vivado 12-584] No ports matched 'MIO[48]'. [/home/exchizz/SDU/Skole/7.Semester/EMB1/VHDL/EMB_group_4/Lektion7/Lektion7.srcs/sources_1/bd/design_1/ip/design_1_processing_system7_0_0/design_1_processing_system7_0_0.xdc:59]
CRITICAL WARNING: [Common 17-55] 'set_property' expects at least one object. [/home/exchizz/SDU/Skole/7.Semester/EMB1/VHDL/EMB_group_4/Lektion7/Lektion7.srcs/sources_1/bd/design_1/ip/design_1_processing_system7_0_0/design_1_processing_system7_0_0.xdc:59]
Resolution: If [get_<value>] was used to populate the object, check to make sure this command returns at least one valid object.
WARNING: [Vivado 12-584] No ports matched 'MIO[39]'. [/home/exchizz/SDU/Skole/7.Semester/EMB1/VHDL/EMB_group_4/Lektion7/Lektion7.srcs/sources_1/bd/design_1/ip/design_1_processing_system7_0_0/design_1_processing_system7_0_0.xdc:61]
CRITICAL WARNING: [Common 17-55] 'set_property' expects at least one object. [/home/exchizz/SDU/Skole/7.Semester/EMB1/VHDL/EMB_group_4/Lektion7/Lektion7.srcs/sources_1/bd/design_1/ip/design_1_processing_system7_0_0/design_1_processing_system7_0_0.xdc:61]
Resolution: If [get_<value>] was used to populate the object, check to make sure this command returns at least one valid object.
WARNING: [Vivado 12-584] No ports matched 'MIO[39]'. [/home/exchizz/SDU/Skole/7.Semester/EMB1/VHDL/EMB_group_4/Lektion7/Lektion7.srcs/sources_1/bd/design_1/ip/design_1_processing_system7_0_0/design_1_processing_system7_0_0.xdc:62]
CRITICAL WARNING: [Common 17-55] 'set_property' expects at least one object. [/home/exchizz/SDU/Skole/7.Semester/EMB1/VHDL/EMB_group_4/Lektion7/Lektion7.srcs/sources_1/bd/design_1/ip/design_1_processing_system7_0_0/design_1_processing_system7_0_0.xdc:62]
Resolution: If [get_<value>] was used to populate the object, check to make sure this command returns at least one valid object.
WARNING: [Vivado 12-584] No ports matched 'MIO[39]'. [/home/exchizz/SDU/Skole/7.Semester/EMB1/VHDL/EMB_group_4/Lektion7/Lektion7.srcs/sources_1/bd/design_1/ip/design_1_processing_system7_0_0/design_1_processing_system7_0_0.xdc:63]
CRITICAL WARNING: [Common 17-55] 'set_property' expects at least one object. [/home/exchizz/SDU/Skole/7.Semester/EMB1/VHDL/EMB_group_4/Lektion7/Lektion7.srcs/sources_1/bd/design_1/ip/design_1_processing_system7_0_0/design_1_processing_system7_0_0.xdc:63]
Resolution: If [get_<value>] was used to populate the object, check to make sure this command returns at least one valid object.
WARNING: [Vivado 12-584] No ports matched 'MIO[39]'. [/home/exchizz/SDU/Skole/7.Semester/EMB1/VHDL/EMB_group_4/Lektion7/Lektion7.srcs/sources_1/bd/design_1/ip/design_1_processing_system7_0_0/design_1_processing_system7_0_0.xdc:64]
CRITICAL WARNING: [Common 17-55] 'set_property' expects at least one object. [/home/exchizz/SDU/Skole/7.Semester/EMB1/VHDL/EMB_group_4/Lektion7/Lektion7.srcs/sources_1/bd/design_1/ip/design_1_processing_system7_0_0/design_1_processing_system7_0_0.xdc:64]
Resolution: If [get_<value>] was used to populate the object, check to make sure this command returns at least one valid object.
WARNING: [Vivado 12-584] No ports matched 'MIO[39]'. [/home/exchizz/SDU/Skole/7.Semester/EMB1/VHDL/EMB_group_4/Lektion7/Lektion7.srcs/sources_1/bd/design_1/ip/design_1_processing_system7_0_0/design_1_processing_system7_0_0.xdc:65]
CRITICAL WARNING: [Common 17-55] 'set_property' expects at least one object. [/home/exchizz/SDU/Skole/7.Semester/EMB1/VHDL/EMB_group_4/Lektion7/Lektion7.srcs/sources_1/bd/design_1/ip/design_1_processing_system7_0_0/design_1_processing_system7_0_0.xdc:65]
Resolution: If [get_<value>] was used to populate the object, check to make sure this command returns at least one valid object.
WARNING: [Vivado 12-584] No ports matched 'MIO[39]'. [/home/exchizz/SDU/Skole/7.Semester/EMB1/VHDL/EMB_group_4/Lektion7/Lektion7.srcs/sources_1/bd/design_1/ip/design_1_processing_system7_0_0/design_1_processing_system7_0_0.xdc:66]
CRITICAL WARNING: [Common 17-55] 'set_property' expects at least one object. [/home/exchizz/SDU/Skole/7.Semester/EMB1/VHDL/EMB_group_4/Lektion7/Lektion7.srcs/sources_1/bd/design_1/ip/design_1_processing_system7_0_0/design_1_processing_system7_0_0.xdc:66]
Resolution: If [get_<value>] was used to populate the object, check to make sure this command returns at least one valid object.
WARNING: [Vivado 12-584] No ports matched 'MIO[38]'. [/home/exchizz/SDU/Skole/7.Semester/EMB1/VHDL/EMB_group_4/Lektion7/Lektion7.srcs/sources_1/bd/design_1/ip/design_1_processing_system7_0_0/design_1_processing_system7_0_0.xdc:68]
CRITICAL WARNING: [Common 17-55] 'set_property' expects at least one object. [/home/exchizz/SDU/Skole/7.Semester/EMB1/VHDL/EMB_group_4/Lektion7/Lektion7.srcs/sources_1/bd/design_1/ip/design_1_processing_system7_0_0/design_1_processing_system7_0_0.xdc:68]
Resolution: If [get_<value>] was used to populate the object, check to make sure this command returns at least one valid object.
WARNING: [Vivado 12-584] No ports matched 'MIO[38]'. [/home/exchizz/SDU/Skole/7.Semester/EMB1/VHDL/EMB_group_4/Lektion7/Lektion7.srcs/sources_1/bd/design_1/ip/design_1_processing_system7_0_0/design_1_processing_system7_0_0.xdc:69]
CRITICAL WARNING: [Common 17-55] 'set_property' expects at least one object. [/home/exchizz/SDU/Skole/7.Semester/EMB1/VHDL/EMB_group_4/Lektion7/Lektion7.srcs/sources_1/bd/design_1/ip/design_1_processing_system7_0_0/design_1_processing_system7_0_0.xdc:69]
Resolution: If [get_<value>] was used to populate the object, check to make sure this command returns at least one valid object.
WARNING: [Vivado 12-584] No ports matched 'MIO[38]'. [/home/exchizz/SDU/Skole/7.Semester/EMB1/VHDL/EMB_group_4/Lektion7/Lektion7.srcs/sources_1/bd/design_1/ip/design_1_processing_system7_0_0/design_1_processing_system7_0_0.xdc:70]
CRITICAL WARNING: [Common 17-55] 'set_property' expects at least one object. [/home/exchizz/SDU/Skole/7.Semester/EMB1/VHDL/EMB_group_4/Lektion7/Lektion7.srcs/sources_1/bd/design_1/ip/design_1_processing_system7_0_0/design_1_processing_system7_0_0.xdc:70]
Resolution: If [get_<value>] was used to populate the object, check to make sure this command returns at least one valid object.
WARNING: [Vivado 12-584] No ports matched 'MIO[38]'. [/home/exchizz/SDU/Skole/7.Semester/EMB1/VHDL/EMB_group_4/Lektion7/Lektion7.srcs/sources_1/bd/design_1/ip/design_1_processing_system7_0_0/design_1_processing_system7_0_0.xdc:71]
CRITICAL WARNING: [Common 17-55] 'set_property' expects at least one object. [/home/exchizz/SDU/Skole/7.Semester/EMB1/VHDL/EMB_group_4/Lektion7/Lektion7.srcs/sources_1/bd/design_1/ip/design_1_processing_system7_0_0/design_1_processing_system7_0_0.xdc:71]
Resolution: If [get_<value>] was used to populate the object, check to make sure this command returns at least one valid object.
WARNING: [Vivado 12-584] No ports matched 'MIO[38]'. [/home/exchizz/SDU/Skole/7.Semester/EMB1/VHDL/EMB_group_4/Lektion7/Lektion7.srcs/sources_1/bd/design_1/ip/design_1_processing_system7_0_0/design_1_processing_system7_0_0.xdc:72]
CRITICAL WARNING: [Common 17-55] 'set_property' expects at least one object. [/home/exchizz/SDU/Skole/7.Semester/EMB1/VHDL/EMB_group_4/Lektion7/Lektion7.srcs/sources_1/bd/design_1/ip/design_1_processing_system7_0_0/design_1_processing_system7_0_0.xdc:72]
Resolution: If [get_<value>] was used to populate the object, check to make sure this command returns at least one valid object.
WARNING: [Vivado 12-584] No ports matched 'MIO[38]'. [/home/exchizz/SDU/Skole/7.Semester/EMB1/VHDL/EMB_group_4/Lektion7/Lektion7.srcs/sources_1/bd/design_1/ip/design_1_processing_system7_0_0/design_1_processing_system7_0_0.xdc:73]
CRITICAL WARNING: [Common 17-55] 'set_property' expects at least one object. [/home/exchizz/SDU/Skole/7.Semester/EMB1/VHDL/EMB_group_4/Lektion7/Lektion7.srcs/sources_1/bd/design_1/ip/design_1_processing_system7_0_0/design_1_processing_system7_0_0.xdc:73]
Resolution: If [get_<value>] was used to populate the object, check to make sure this command returns at least one valid object.
WARNING: [Vivado 12-584] No ports matched 'MIO[37]'. [/home/exchizz/SDU/Skole/7.Semester/EMB1/VHDL/EMB_group_4/Lektion7/Lektion7.srcs/sources_1/bd/design_1/ip/design_1_processing_system7_0_0/design_1_processing_system7_0_0.xdc:75]
CRITICAL WARNING: [Common 17-55] 'set_property' expects at least one object. [/home/exchizz/SDU/Skole/7.Semester/EMB1/VHDL/EMB_group_4/Lektion7/Lektion7.srcs/sources_1/bd/design_1/ip/design_1_processing_system7_0_0/design_1_processing_system7_0_0.xdc:75]
Resolution: If [get_<value>] was used to populate the object, check to make sure this command returns at least one valid object.
WARNING: [Vivado 12-584] No ports matched 'MIO[37]'. [/home/exchizz/SDU/Skole/7.Semester/EMB1/VHDL/EMB_group_4/Lektion7/Lektion7.srcs/sources_1/bd/design_1/ip/design_1_processing_system7_0_0/design_1_processing_system7_0_0.xdc:76]
CRITICAL WARNING: [Common 17-55] 'set_property' expects at least one object. [/home/exchizz/SDU/Skole/7.Semester/EMB1/VHDL/EMB_group_4/Lektion7/Lektion7.srcs/sources_1/bd/design_1/ip/design_1_processing_system7_0_0/design_1_processing_system7_0_0.xdc:76]
Resolution: If [get_<value>] was used to populate the object, check to make sure this command returns at least one valid object.
WARNING: [Vivado 12-584] No ports matched 'MIO[37]'. [/home/exchizz/SDU/Skole/7.Semester/EMB1/VHDL/EMB_group_4/Lektion7/Lektion7.srcs/sources_1/bd/design_1/ip/design_1_processing_system7_0_0/design_1_processing_system7_0_0.xdc:77]
CRITICAL WARNING: [Common 17-55] 'set_property' expects at least one object. [/home/exchizz/SDU/Skole/7.Semester/EMB1/VHDL/EMB_group_4/Lektion7/Lektion7.srcs/sources_1/bd/design_1/ip/design_1_processing_system7_0_0/design_1_processing_system7_0_0.xdc:77]
Resolution: If [get_<value>] was used to populate the object, check to make sure this command returns at least one valid object.
WARNING: [Vivado 12-584] No ports matched 'MIO[37]'. [/home/exchizz/SDU/Skole/7.Semester/EMB1/VHDL/EMB_group_4/Lektion7/Lektion7.srcs/sources_1/bd/design_1/ip/design_1_processing_system7_0_0/design_1_processing_system7_0_0.xdc:78]
CRITICAL WARNING: [Common 17-55] 'set_property' expects at least one object. [/home/exchizz/SDU/Skole/7.Semester/EMB1/VHDL/EMB_group_4/Lektion7/Lektion7.srcs/sources_1/bd/design_1/ip/design_1_processing_system7_0_0/design_1_processing_system7_0_0.xdc:78]
Resolution: If [get_<value>] was used to populate the object, check to make sure this command returns at least one valid object.
WARNING: [Vivado 12-584] No ports matched 'MIO[37]'. [/home/exchizz/SDU/Skole/7.Semester/EMB1/VHDL/EMB_group_4/Lektion7/Lektion7.srcs/sources_1/bd/design_1/ip/design_1_processing_system7_0_0/design_1_processing_system7_0_0.xdc:79]
CRITICAL WARNING: [Common 17-55] 'set_property' expects at least one object. [/home/exchizz/SDU/Skole/7.Semester/EMB1/VHDL/EMB_group_4/Lektion7/Lektion7.srcs/sources_1/bd/design_1/ip/design_1_processing_system7_0_0/design_1_processing_system7_0_0.xdc:79]
Resolution: If [get_<value>] was used to populate the object, check to make sure this command returns at least one valid object.
WARNING: [Vivado 12-584] No ports matched 'MIO[37]'. [/home/exchizz/SDU/Skole/7.Semester/EMB1/VHDL/EMB_group_4/Lektion7/Lektion7.srcs/sources_1/bd/design_1/ip/design_1_processing_system7_0_0/design_1_processing_system7_0_0.xdc:80]
CRITICAL WARNING: [Common 17-55] 'set_property' expects at least one object. [/home/exchizz/SDU/Skole/7.Semester/EMB1/VHDL/EMB_group_4/Lektion7/Lektion7.srcs/sources_1/bd/design_1/ip/design_1_processing_system7_0_0/design_1_processing_system7_0_0.xdc:80]
Resolution: If [get_<value>] was used to populate the object, check to make sure this command returns at least one valid object.
WARNING: [Vivado 12-584] No ports matched 'MIO[36]'. [/home/exchizz/SDU/Skole/7.Semester/EMB1/VHDL/EMB_group_4/Lektion7/Lektion7.srcs/sources_1/bd/design_1/ip/design_1_processing_system7_0_0/design_1_processing_system7_0_0.xdc:82]
CRITICAL WARNING: [Common 17-55] 'set_property' expects at least one object. [/home/exchizz/SDU/Skole/7.Semester/EMB1/VHDL/EMB_group_4/Lektion7/Lektion7.srcs/sources_1/bd/design_1/ip/design_1_processing_system7_0_0/design_1_processing_system7_0_0.xdc:82]
Resolution: If [get_<value>] was used to populate the object, check to make sure this command returns at least one valid object.
WARNING: [Vivado 12-584] No ports matched 'MIO[36]'. [/home/exchizz/SDU/Skole/7.Semester/EMB1/VHDL/EMB_group_4/Lektion7/Lektion7.srcs/sources_1/bd/design_1/ip/design_1_processing_system7_0_0/design_1_processing_system7_0_0.xdc:83]
CRITICAL WARNING: [Common 17-55] 'set_property' expects at least one object. [/home/exchizz/SDU/Skole/7.Semester/EMB1/VHDL/EMB_group_4/Lektion7/Lektion7.srcs/sources_1/bd/design_1/ip/design_1_processing_system7_0_0/design_1_processing_system7_0_0.xdc:83]
Resolution: If [get_<value>] was used to populate the object, check to make sure this command returns at least one valid object.
WARNING: [Vivado 12-584] No ports matched 'MIO[36]'. [/home/exchizz/SDU/Skole/7.Semester/EMB1/VHDL/EMB_group_4/Lektion7/Lektion7.srcs/sources_1/bd/design_1/ip/design_1_processing_system7_0_0/design_1_processing_system7_0_0.xdc:84]
CRITICAL WARNING: [Common 17-55] 'set_property' expects at least one object. [/home/exchizz/SDU/Skole/7.Semester/EMB1/VHDL/EMB_group_4/Lektion7/Lektion7.srcs/sources_1/bd/design_1/ip/design_1_processing_system7_0_0/design_1_processing_system7_0_0.xdc:84]
Resolution: If [get_<value>] was used to populate the object, check to make sure this command returns at least one valid object.
WARNING: [Vivado 12-584] No ports matched 'MIO[36]'. [/home/exchizz/SDU/Skole/7.Semester/EMB1/VHDL/EMB_group_4/Lektion7/Lektion7.srcs/sources_1/bd/design_1/ip/design_1_processing_system7_0_0/design_1_processing_system7_0_0.xdc:85]
CRITICAL WARNING: [Common 17-55] 'set_property' expects at least one object. [/home/exchizz/SDU/Skole/7.Semester/EMB1/VHDL/EMB_group_4/Lektion7/Lektion7.srcs/sources_1/bd/design_1/ip/design_1_processing_system7_0_0/design_1_processing_system7_0_0.xdc:85]
Resolution: If [get_<value>] was used to populate the object, check to make sure this command returns at least one valid object.
WARNING: [Vivado 12-584] No ports matched 'MIO[36]'. [/home/exchizz/SDU/Skole/7.Semester/EMB1/VHDL/EMB_group_4/Lektion7/Lektion7.srcs/sources_1/bd/design_1/ip/design_1_processing_system7_0_0/design_1_processing_system7_0_0.xdc:86]
CRITICAL WARNING: [Common 17-55] 'set_property' expects at least one object. [/home/exchizz/SDU/Skole/7.Semester/EMB1/VHDL/EMB_group_4/Lektion7/Lektion7.srcs/sources_1/bd/design_1/ip/design_1_processing_system7_0_0/design_1_processing_system7_0_0.xdc:86]
Resolution: If [get_<value>] was used to populate the object, check to make sure this command returns at least one valid object.
WARNING: [Vivado 12-584] No ports matched 'MIO[36]'. [/home/exchizz/SDU/Skole/7.Semester/EMB1/VHDL/EMB_group_4/Lektion7/Lektion7.srcs/sources_1/bd/design_1/ip/design_1_processing_system7_0_0/design_1_processing_system7_0_0.xdc:87]
CRITICAL WARNING: [Common 17-55] 'set_property' expects at least one object. [/home/exchizz/SDU/Skole/7.Semester/EMB1/VHDL/EMB_group_4/Lektion7/Lektion7.srcs/sources_1/bd/design_1/ip/design_1_processing_system7_0_0/design_1_processing_system7_0_0.xdc:87]
Resolution: If [get_<value>] was used to populate the object, check to make sure this command returns at least one valid object.
WARNING: [Vivado 12-584] No ports matched 'MIO[35]'. [/home/exchizz/SDU/Skole/7.Semester/EMB1/VHDL/EMB_group_4/Lektion7/Lektion7.srcs/sources_1/bd/design_1/ip/design_1_processing_system7_0_0/design_1_processing_system7_0_0.xdc:89]
CRITICAL WARNING: [Common 17-55] 'set_property' expects at least one object. [/home/exchizz/SDU/Skole/7.Semester/EMB1/VHDL/EMB_group_4/Lektion7/Lektion7.srcs/sources_1/bd/design_1/ip/design_1_processing_system7_0_0/design_1_processing_system7_0_0.xdc:89]
Resolution: If [get_<value>] was used to populate the object, check to make sure this command returns at least one valid object.
WARNING: [Vivado 12-584] No ports matched 'MIO[35]'. [/home/exchizz/SDU/Skole/7.Semester/EMB1/VHDL/EMB_group_4/Lektion7/Lektion7.srcs/sources_1/bd/design_1/ip/design_1_processing_system7_0_0/design_1_processing_system7_0_0.xdc:90]
CRITICAL WARNING: [Common 17-55] 'set_property' expects at least one object. [/home/exchizz/SDU/Skole/7.Semester/EMB1/VHDL/EMB_group_4/Lektion7/Lektion7.srcs/sources_1/bd/design_1/ip/design_1_processing_system7_0_0/design_1_processing_system7_0_0.xdc:90]
Resolution: If [get_<value>] was used to populate the object, check to make sure this command returns at least one valid object.
WARNING: [Vivado 12-584] No ports matched 'MIO[35]'. [/home/exchizz/SDU/Skole/7.Semester/EMB1/VHDL/EMB_group_4/Lektion7/Lektion7.srcs/sources_1/bd/design_1/ip/design_1_processing_system7_0_0/design_1_processing_system7_0_0.xdc:91]
CRITICAL WARNING: [Common 17-55] 'set_property' expects at least one object. [/home/exchizz/SDU/Skole/7.Semester/EMB1/VHDL/EMB_group_4/Lektion7/Lektion7.srcs/sources_1/bd/design_1/ip/design_1_processing_system7_0_0/design_1_processing_system7_0_0.xdc:91]
Resolution: If [get_<value>] was used to populate the object, check to make sure this command returns at least one valid object.
WARNING: [Vivado 12-584] No ports matched 'MIO[35]'. [/home/exchizz/SDU/Skole/7.Semester/EMB1/VHDL/EMB_group_4/Lektion7/Lektion7.srcs/sources_1/bd/design_1/ip/design_1_processing_system7_0_0/design_1_processing_system7_0_0.xdc:92]
CRITICAL WARNING: [Common 17-55] 'set_property' expects at least one object. [/home/exchizz/SDU/Skole/7.Semester/EMB1/VHDL/EMB_group_4/Lektion7/Lektion7.srcs/sources_1/bd/design_1/ip/design_1_processing_system7_0_0/design_1_processing_system7_0_0.xdc:92]
Resolution: If [get_<value>] was used to populate the object, check to make sure this command returns at least one valid object.
WARNING: [Vivado 12-584] No ports matched 'MIO[35]'. [/home/exchizz/SDU/Skole/7.Semester/EMB1/VHDL/EMB_group_4/Lektion7/Lektion7.srcs/sources_1/bd/design_1/ip/design_1_processing_system7_0_0/design_1_processing_system7_0_0.xdc:93]
CRITICAL WARNING: [Common 17-55] 'set_property' expects at least one object. [/home/exchizz/SDU/Skole/7.Semester/EMB1/VHDL/EMB_group_4/Lektion7/Lektion7.srcs/sources_1/bd/design_1/ip/design_1_processing_system7_0_0/design_1_processing_system7_0_0.xdc:93]
Resolution: If [get_<value>] was used to populate the object, check to make sure this command returns at least one valid object.
WARNING: [Vivado 12-584] No ports matched 'MIO[35]'. [/home/exchizz/SDU/Skole/7.Semester/EMB1/VHDL/EMB_group_4/Lektion7/Lektion7.srcs/sources_1/bd/design_1/ip/design_1_processing_system7_0_0/design_1_processing_system7_0_0.xdc:94]
CRITICAL WARNING: [Common 17-55] 'set_property' expects at least one object. [/home/exchizz/SDU/Skole/7.Semester/EMB1/VHDL/EMB_group_4/Lektion7/Lektion7.srcs/sources_1/bd/design_1/ip/design_1_processing_system7_0_0/design_1_processing_system7_0_0.xdc:94]
Resolution: If [get_<value>] was used to populate the object, check to make sure this command returns at least one valid object.
WARNING: [Vivado 12-584] No ports matched 'MIO[34]'. [/home/exchizz/SDU/Skole/7.Semester/EMB1/VHDL/EMB_group_4/Lektion7/Lektion7.srcs/sources_1/bd/design_1/ip/design_1_processing_system7_0_0/design_1_processing_system7_0_0.xdc:96]
CRITICAL WARNING: [Common 17-55] 'set_property' expects at least one object. [/home/exchizz/SDU/Skole/7.Semester/EMB1/VHDL/EMB_group_4/Lektion7/Lektion7.srcs/sources_1/bd/design_1/ip/design_1_processing_system7_0_0/design_1_processing_system7_0_0.xdc:96]
Resolution: If [get_<value>] was used to populate the object, check to make sure this command returns at least one valid object.
WARNING: [Vivado 12-584] No ports matched 'MIO[34]'. [/home/exchizz/SDU/Skole/7.Semester/EMB1/VHDL/EMB_group_4/Lektion7/Lektion7.srcs/sources_1/bd/design_1/ip/design_1_processing_system7_0_0/design_1_processing_system7_0_0.xdc:97]
CRITICAL WARNING: [Common 17-55] 'set_property' expects at least one object. [/home/exchizz/SDU/Skole/7.Semester/EMB1/VHDL/EMB_group_4/Lektion7/Lektion7.srcs/sources_1/bd/design_1/ip/design_1_processing_system7_0_0/design_1_processing_system7_0_0.xdc:97]
Resolution: If [get_<value>] was used to populate the object, check to make sure this command returns at least one valid object.
WARNING: [Vivado 12-584] No ports matched 'MIO[34]'. [/home/exchizz/SDU/Skole/7.Semester/EMB1/VHDL/EMB_group_4/Lektion7/Lektion7.srcs/sources_1/bd/design_1/ip/design_1_processing_system7_0_0/design_1_processing_system7_0_0.xdc:98]
CRITICAL WARNING: [Common 17-55] 'set_property' expects at least one object. [/home/exchizz/SDU/Skole/7.Semester/EMB1/VHDL/EMB_group_4/Lektion7/Lektion7.srcs/sources_1/bd/design_1/ip/design_1_processing_system7_0_0/design_1_processing_system7_0_0.xdc:98]
Resolution: If [get_<value>] was used to populate the object, check to make sure this command returns at least one valid object.
WARNING: [Vivado 12-584] No ports matched 'MIO[34]'. [/home/exchizz/SDU/Skole/7.Semester/EMB1/VHDL/EMB_group_4/Lektion7/Lektion7.srcs/sources_1/bd/design_1/ip/design_1_processing_system7_0_0/design_1_processing_system7_0_0.xdc:99]
CRITICAL WARNING: [Common 17-55] 'set_property' expects at least one object. [/home/exchizz/SDU/Skole/7.Semester/EMB1/VHDL/EMB_group_4/Lektion7/Lektion7.srcs/sources_1/bd/design_1/ip/design_1_processing_system7_0_0/design_1_processing_system7_0_0.xdc:99]
Resolution: If [get_<value>] was used to populate the object, check to make sure this command returns at least one valid object.
WARNING: [Vivado 12-584] No ports matched 'MIO[34]'. [/home/exchizz/SDU/Skole/7.Semester/EMB1/VHDL/EMB_group_4/Lektion7/Lektion7.srcs/sources_1/bd/design_1/ip/design_1_processing_system7_0_0/design_1_processing_system7_0_0.xdc:100]
CRITICAL WARNING: [Common 17-55] 'set_property' expects at least one object. [/home/exchizz/SDU/Skole/7.Semester/EMB1/VHDL/EMB_group_4/Lektion7/Lektion7.srcs/sources_1/bd/design_1/ip/design_1_processing_system7_0_0/design_1_processing_system7_0_0.xdc:100]
Resolution: If [get_<value>] was used to populate the object, check to make sure this command returns at least one valid object.
WARNING: [Vivado 12-584] No ports matched 'MIO[34]'. [/home/exchizz/SDU/Skole/7.Semester/EMB1/VHDL/EMB_group_4/Lektion7/Lektion7.srcs/sources_1/bd/design_1/ip/design_1_processing_system7_0_0/design_1_processing_system7_0_0.xdc:101]
CRITICAL WARNING: [Common 17-55] 'set_property' expects at least one object. [/home/exchizz/SDU/Skole/7.Semester/EMB1/VHDL/EMB_group_4/Lektion7/Lektion7.srcs/sources_1/bd/design_1/ip/design_1_processing_system7_0_0/design_1_processing_system7_0_0.xdc:101]
Resolution: If [get_<value>] was used to populate the object, check to make sure this command returns at least one valid object.
WARNING: [Vivado 12-584] No ports matched 'MIO[33]'. [/home/exchizz/SDU/Skole/7.Semester/EMB1/VHDL/EMB_group_4/Lektion7/Lektion7.srcs/sources_1/bd/design_1/ip/design_1_processing_system7_0_0/design_1_processing_system7_0_0.xdc:103]
CRITICAL WARNING: [Common 17-55] 'set_property' expects at least one object. [/home/exchizz/SDU/Skole/7.Semester/EMB1/VHDL/EMB_group_4/Lektion7/Lektion7.srcs/sources_1/bd/design_1/ip/design_1_processing_system7_0_0/design_1_processing_system7_0_0.xdc:103]
Resolution: If [get_<value>] was used to populate the object, check to make sure this command returns at least one valid object.
WARNING: [Vivado 12-584] No ports matched 'MIO[33]'. [/home/exchizz/SDU/Skole/7.Semester/EMB1/VHDL/EMB_group_4/Lektion7/Lektion7.srcs/sources_1/bd/design_1/ip/design_1_processing_system7_0_0/design_1_processing_system7_0_0.xdc:104]
CRITICAL WARNING: [Common 17-55] 'set_property' expects at least one object. [/home/exchizz/SDU/Skole/7.Semester/EMB1/VHDL/EMB_group_4/Lektion7/Lektion7.srcs/sources_1/bd/design_1/ip/design_1_processing_system7_0_0/design_1_processing_system7_0_0.xdc:104]
Resolution: If [get_<value>] was used to populate the object, check to make sure this command returns at least one valid object.
WARNING: [Vivado 12-584] No ports matched 'MIO[33]'. [/home/exchizz/SDU/Skole/7.Semester/EMB1/VHDL/EMB_group_4/Lektion7/Lektion7.srcs/sources_1/bd/design_1/ip/design_1_processing_system7_0_0/design_1_processing_system7_0_0.xdc:105]
CRITICAL WARNING: [Common 17-55] 'set_property' expects at least one object. [/home/exchizz/SDU/Skole/7.Semester/EMB1/VHDL/EMB_group_4/Lektion7/Lektion7.srcs/sources_1/bd/design_1/ip/design_1_processing_system7_0_0/design_1_processing_system7_0_0.xdc:105]
Resolution: If [get_<value>] was used to populate the object, check to make sure this command returns at least one valid object.
WARNING: [Vivado 12-584] No ports matched 'MIO[33]'. [/home/exchizz/SDU/Skole/7.Semester/EMB1/VHDL/EMB_group_4/Lektion7/Lektion7.srcs/sources_1/bd/design_1/ip/design_1_processing_system7_0_0/design_1_processing_system7_0_0.xdc:106]
CRITICAL WARNING: [Common 17-55] 'set_property' expects at least one object. [/home/exchizz/SDU/Skole/7.Semester/EMB1/VHDL/EMB_group_4/Lektion7/Lektion7.srcs/sources_1/bd/design_1/ip/design_1_processing_system7_0_0/design_1_processing_system7_0_0.xdc:106]
Resolution: If [get_<value>] was used to populate the object, check to make sure this command returns at least one valid object.
WARNING: [Vivado 12-584] No ports matched 'MIO[33]'. [/home/exchizz/SDU/Skole/7.Semester/EMB1/VHDL/EMB_group_4/Lektion7/Lektion7.srcs/sources_1/bd/design_1/ip/design_1_processing_system7_0_0/design_1_processing_system7_0_0.xdc:107]
CRITICAL WARNING: [Common 17-55] 'set_property' expects at least one object. [/home/exchizz/SDU/Skole/7.Semester/EMB1/VHDL/EMB_group_4/Lektion7/Lektion7.srcs/sources_1/bd/design_1/ip/design_1_processing_system7_0_0/design_1_processing_system7_0_0.xdc:107]
Resolution: If [get_<value>] was used to populate the object, check to make sure this command returns at least one valid object.
WARNING: [Vivado 12-584] No ports matched 'MIO[33]'. [/home/exchizz/SDU/Skole/7.Semester/EMB1/VHDL/EMB_group_4/Lektion7/Lektion7.srcs/sources_1/bd/design_1/ip/design_1_processing_system7_0_0/design_1_processing_system7_0_0.xdc:108]
CRITICAL WARNING: [Common 17-55] 'set_property' expects at least one object. [/home/exchizz/SDU/Skole/7.Semester/EMB1/VHDL/EMB_group_4/Lektion7/Lektion7.srcs/sources_1/bd/design_1/ip/design_1_processing_system7_0_0/design_1_processing_system7_0_0.xdc:108]
Resolution: If [get_<value>] was used to populate the object, check to make sure this command returns at least one valid object.
WARNING: [Vivado 12-584] No ports matched 'MIO[32]'. [/home/exchizz/SDU/Skole/7.Semester/EMB1/VHDL/EMB_group_4/Lektion7/Lektion7.srcs/sources_1/bd/design_1/ip/design_1_processing_system7_0_0/design_1_processing_system7_0_0.xdc:110]
CRITICAL WARNING: [Common 17-55] 'set_property' expects at least one object. [/home/exchizz/SDU/Skole/7.Semester/EMB1/VHDL/EMB_group_4/Lektion7/Lektion7.srcs/sources_1/bd/design_1/ip/design_1_processing_system7_0_0/design_1_processing_system7_0_0.xdc:110]
Resolution: If [get_<value>] was used to populate the object, check to make sure this command returns at least one valid object.
WARNING: [Vivado 12-584] No ports matched 'MIO[32]'. [/home/exchizz/SDU/Skole/7.Semester/EMB1/VHDL/EMB_group_4/Lektion7/Lektion7.srcs/sources_1/bd/design_1/ip/design_1_processing_system7_0_0/design_1_processing_system7_0_0.xdc:111]
CRITICAL WARNING: [Common 17-55] 'set_property' expects at least one object. [/home/exchizz/SDU/Skole/7.Semester/EMB1/VHDL/EMB_group_4/Lektion7/Lektion7.srcs/sources_1/bd/design_1/ip/design_1_processing_system7_0_0/design_1_processing_system7_0_0.xdc:111]
Resolution: If [get_<value>] was used to populate the object, check to make sure this command returns at least one valid object.
WARNING: [Vivado 12-584] No ports matched 'MIO[32]'. [/home/exchizz/SDU/Skole/7.Semester/EMB1/VHDL/EMB_group_4/Lektion7/Lektion7.srcs/sources_1/bd/design_1/ip/design_1_processing_system7_0_0/design_1_processing_system7_0_0.xdc:112]
CRITICAL WARNING: [Common 17-55] 'set_property' expects at least one object. [/home/exchizz/SDU/Skole/7.Semester/EMB1/VHDL/EMB_group_4/Lektion7/Lektion7.srcs/sources_1/bd/design_1/ip/design_1_processing_system7_0_0/design_1_processing_system7_0_0.xdc:112]
Resolution: If [get_<value>] was used to populate the object, check to make sure this command returns at least one valid object.
WARNING: [Vivado 12-584] No ports matched 'MIO[32]'. [/home/exchizz/SDU/Skole/7.Semester/EMB1/VHDL/EMB_group_4/Lektion7/Lektion7.srcs/sources_1/bd/design_1/ip/design_1_processing_system7_0_0/design_1_processing_system7_0_0.xdc:113]
CRITICAL WARNING: [Common 17-55] 'set_property' expects at least one object. [/home/exchizz/SDU/Skole/7.Semester/EMB1/VHDL/EMB_group_4/Lektion7/Lektion7.srcs/sources_1/bd/design_1/ip/design_1_processing_system7_0_0/design_1_processing_system7_0_0.xdc:113]
Resolution: If [get_<value>] was used to populate the object, check to make sure this command returns at least one valid object.
WARNING: [Vivado 12-584] No ports matched 'MIO[32]'. [/home/exchizz/SDU/Skole/7.Semester/EMB1/VHDL/EMB_group_4/Lektion7/Lektion7.srcs/sources_1/bd/design_1/ip/design_1_processing_system7_0_0/design_1_processing_system7_0_0.xdc:114]
CRITICAL WARNING: [Common 17-55] 'set_property' expects at least one object. [/home/exchizz/SDU/Skole/7.Semester/EMB1/VHDL/EMB_group_4/Lektion7/Lektion7.srcs/sources_1/bd/design_1/ip/design_1_processing_system7_0_0/design_1_processing_system7_0_0.xdc:114]
Resolution: If [get_<value>] was used to populate the object, check to make sure this command returns at least one valid object.
WARNING: [Vivado 12-584] No ports matched 'MIO[32]'. [/home/exchizz/SDU/Skole/7.Semester/EMB1/VHDL/EMB_group_4/Lektion7/Lektion7.srcs/sources_1/bd/design_1/ip/design_1_processing_system7_0_0/design_1_processing_system7_0_0.xdc:115]
CRITICAL WARNING: [Common 17-55] 'set_property' expects at least one object. [/home/exchizz/SDU/Skole/7.Semester/EMB1/VHDL/EMB_group_4/Lektion7/Lektion7.srcs/sources_1/bd/design_1/ip/design_1_processing_system7_0_0/design_1_processing_system7_0_0.xdc:115]
Resolution: If [get_<value>] was used to populate the object, check to make sure this command returns at least one valid object.
CRITICAL WARNING: [Vivado 12-1411] Cannot set LOC property of ports, Could not legally place instance design_1_i/processing_system7_0/inst/genblk13[31].MIO_BIBUF at C12 (IOPAD_X1Y108) since it belongs to a shape containing instance design_1_i/processing_system7_0/inst/PS7_i. The shape requires relative placement between design_1_i/processing_system7_0/inst/genblk13[31].MIO_BIBUF and design_1_i/processing_system7_0/inst/PS7_i that can not be honoured because it would result in an invalid location for design_1_i/processing_system7_0/inst/PS7_i. [/home/exchizz/SDU/Skole/7.Semester/EMB1/VHDL/EMB_group_4/Lektion7/Lektion7.srcs/sources_1/bd/design_1/ip/design_1_processing_system7_0_0/design_1_processing_system7_0_0.xdc:118]
CRITICAL WARNING: [Vivado 12-1411] Cannot set LOC property of ports, Could not legally place instance design_1_i/processing_system7_0/inst/genblk13[30].MIO_BIBUF at B15 (IOPAD_X1Y107) since it belongs to a shape containing instance design_1_i/processing_system7_0/inst/PS7_i. The shape requires relative placement between design_1_i/processing_system7_0/inst/genblk13[30].MIO_BIBUF and design_1_i/processing_system7_0/inst/PS7_i that can not be honoured because it would result in an invalid location for design_1_i/processing_system7_0/inst/PS7_i. [/home/exchizz/SDU/Skole/7.Semester/EMB1/VHDL/EMB_group_4/Lektion7/Lektion7.srcs/sources_1/bd/design_1/ip/design_1_processing_system7_0_0/design_1_processing_system7_0_0.xdc:125]
CRITICAL WARNING: [Vivado 12-1411] Cannot set LOC property of ports, Could not legally place instance design_1_i/processing_system7_0/inst/genblk13[29].MIO_BIBUF at D11 (IOPAD_X1Y106) since it belongs to a shape containing instance design_1_i/processing_system7_0/inst/PS7_i. The shape requires relative placement between design_1_i/processing_system7_0/inst/genblk13[29].MIO_BIBUF and design_1_i/processing_system7_0/inst/PS7_i that can not be honoured because it would result in an invalid location for design_1_i/processing_system7_0/inst/PS7_i. [/home/exchizz/SDU/Skole/7.Semester/EMB1/VHDL/EMB_group_4/Lektion7/Lektion7.srcs/sources_1/bd/design_1/ip/design_1_processing_system7_0_0/design_1_processing_system7_0_0.xdc:132]
CRITICAL WARNING: [Vivado 12-1411] Cannot set LOC property of ports, Could not legally place instance design_1_i/processing_system7_0/inst/genblk13[28].MIO_BIBUF at A15 (IOPAD_X1Y105) since it belongs to a shape containing instance design_1_i/processing_system7_0/inst/PS7_i. The shape requires relative placement between design_1_i/processing_system7_0/inst/genblk13[28].MIO_BIBUF and design_1_i/processing_system7_0/inst/PS7_i that can not be honoured because it would result in an invalid location for design_1_i/processing_system7_0/inst/PS7_i. [/home/exchizz/SDU/Skole/7.Semester/EMB1/VHDL/EMB_group_4/Lektion7/Lektion7.srcs/sources_1/bd/design_1/ip/design_1_processing_system7_0_0/design_1_processing_system7_0_0.xdc:139]
Finished Parsing XDC File [/home/exchizz/SDU/Skole/7.Semester/EMB1/VHDL/EMB_group_4/Lektion7/Lektion7.srcs/sources_1/bd/design_1/ip/design_1_processing_system7_0_0/design_1_processing_system7_0_0.xdc] for cell 'design_1_i/processing_system7_0/inst'
Parsing XDC File [/home/exchizz/SDU/Skole/7.Semester/EMB1/VHDL/EMB_group_4/Lektion7/Lektion7.srcs/constrs_1/new/constrain.xdc]
WARNING: [Vivado 12-507] No nets matched 'design_1_i/debounce_0_outz'. [/home/exchizz/SDU/Skole/7.Semester/EMB1/VHDL/EMB_group_4/Lektion7/Lektion7.srcs/constrs_1/new/constrain.xdc:40]
CRITICAL WARNING: [Common 17-162] Invalid option value specified for '-nets'. [/home/exchizz/SDU/Skole/7.Semester/EMB1/VHDL/EMB_group_4/Lektion7/Lektion7.srcs/constrs_1/new/constrain.xdc:40]
Finished Parsing XDC File [/home/exchizz/SDU/Skole/7.Semester/EMB1/VHDL/EMB_group_4/Lektion7/Lektion7.srcs/constrs_1/new/constrain.xdc]
INFO: [Opt 31-138] Pushed 0 inverter(s) to 0 load pin(s).
INFO: [Project 1-111] Unisim Transformation Summary:
No Unisim elements were transformed.

link_design: Time (s): cpu = 00:00:10 ; elapsed = 00:00:10 . Memory (MB): peak = 1287.980 ; gain = 315.773 ; free physical = 501 ; free virtual = 12490
Command: opt_design
Attempting to get a license for feature 'Implementation' and/or device 'xc7z010'
INFO: [Common 17-349] Got license for feature 'Implementation' and/or device 'xc7z010'
Running DRC as a precondition to command opt_design

Starting DRC Task
INFO: [DRC 23-27] Running DRC with 8 threads
INFO: [Project 1-461] DRC finished with 0 Errors
INFO: [Project 1-462] Please refer to the DRC report (report_drc) for more information.

Time (s): cpu = 00:00:00.11 ; elapsed = 00:00:00.11 . Memory (MB): peak = 1354.012 ; gain = 66.023 ; free physical = 498 ; free virtual = 12487
INFO: [Timing 38-35] Done setting XDC timing constraints.

Starting Logic Optimization Task
INFO: [Common 17-83] Releasing license: Implementation
13 Infos, 73 Warnings, 77 Critical Warnings and 1 Errors encountered.
opt_design failed
ERROR: [Chipscope 16-213] The debug port 'u_ila_0/probe0' has 1 unconnected channels (bits). This will cause errors during implementation.
INFO: [Common 17-206] Exiting Vivado at Thu Nov  3 17:05:18 2016...
