12:25:03 INFO  : Launching XSDB server: xsdb -n -interactive /home/exchizz/SDU/Skole/7.Semester/EMB1/VHDL/EMB_group_4/Lektion7/Lektion7.sdk/Lektion7./temp_xsdb_launch_script.tcl
12:25:04 INFO  : XSDB server has started successfully.
12:25:49 INFO  : Project 'design_1_wrapper_hw_platform_0' created. You can now create BSPs and application projects targeting this hardware platform.
12:26:41 INFO  : 'targets -set -filter {jtag_cable_name =~ "JTAG-ONB4 2516330009BEA" && level==0} -index 1' command is executed.
12:26:41 INFO  : 'fpga -state' command is executed.
12:26:41 INFO  : Connected to target on host '127.0.0.1' and port '3121'.
12:26:41 INFO  : Jtag cable 'JTAG-ONB4 2516330009BEA' is selected.
12:26:41 INFO  : 'jtag frequency' command is executed.
12:26:41 INFO  : Sourcing of '/home/exchizz/SDU/Skole/7.Semester/EMB1/VHDL/EMB_group_4/Lektion7/Lektion7.sdk/Lektion7./design_1_wrapper_hw_platform_0/ps7_init.tcl' is done.
12:26:41 INFO  : 'targets -set -filter {name =~"APU" && jtag_cable_name =~ "JTAG-ONB4 2516330009BEA"} -index 0' command is executed.
12:26:41 INFO  : Hardware design information is loaded from '/home/exchizz/SDU/Skole/7.Semester/EMB1/VHDL/EMB_group_4/Lektion7/Lektion7.sdk/Lektion7./design_1_wrapper_hw_platform_0/system.hdf'.
12:26:41 INFO  : 'targets -set -filter {name =~"APU" && jtag_cable_name =~ "JTAG-ONB4 2516330009BEA"} -index 0' command is executed.
12:26:41 INFO  : 'stop' command is executed.
12:26:42 INFO  : 'ps7_init' command is executed.
12:26:42 INFO  : 'ps7_post_config' command is executed.
12:26:42 INFO  : Context for processor 'ps7_cortexa9_0' is selected.
12:26:42 INFO  : Processor reset is completed for 'ps7_cortexa9_0'.
12:26:42 INFO  : Context for processor 'ps7_cortexa9_0' is selected.
12:26:42 INFO  : The application '/home/exchizz/SDU/Skole/7.Semester/EMB1/VHDL/EMB_group_4/Lektion7/Lektion7.sdk/Lektion7./TestSDK1/Debug/TestSDK1.elf' is downloaded to processor 'ps7_cortexa9_0'.
12:26:43 INFO  : ----------------XSDB Script----------------
connect -url tcp:127.0.0.1:3121
source /home/exchizz/SDU/Skole/7.Semester/EMB1/VHDL/EMB_group_4/Lektion7/Lektion7.sdk/Lektion7./design_1_wrapper_hw_platform_0/ps7_init.tcl
targets -set -filter {name =~"APU" && jtag_cable_name =~ "JTAG-ONB4 2516330009BEA"} -index 0
loadhw /home/exchizz/SDU/Skole/7.Semester/EMB1/VHDL/EMB_group_4/Lektion7/Lektion7.sdk/Lektion7./design_1_wrapper_hw_platform_0/system.hdf
targets -set -filter {name =~"APU" && jtag_cable_name =~ "JTAG-ONB4 2516330009BEA"} -index 0
stop
ps7_init
ps7_post_config
targets -set -nocase -filter {name =~ "ARM*#0" && jtag_cable_name =~ "JTAG-ONB4 2516330009BEA"} -index 0
rst -processor
targets -set -nocase -filter {name =~ "ARM*#0" && jtag_cable_name =~ "JTAG-ONB4 2516330009BEA"} -index 0
dow /home/exchizz/SDU/Skole/7.Semester/EMB1/VHDL/EMB_group_4/Lektion7/Lektion7.sdk/Lektion7./TestSDK1/Debug/TestSDK1.elf
----------------End of Script----------------

12:26:43 INFO  : Memory regions updated for context APU
12:26:43 INFO  : Context for processor 'ps7_cortexa9_0' is selected.
12:26:43 INFO  : 'con' command is executed.
12:26:43 INFO  : ----------------XSDB Script (After Launch)----------------
targets -set -nocase -filter {name =~ "ARM*#0" && jtag_cable_name =~ "JTAG-ONB4 2516330009BEA"} -index 0
con
----------------End of Script----------------

12:26:43 INFO  : Launch script is exported to file '/home/exchizz/SDU/Skole/7.Semester/EMB1/VHDL/EMB_group_4/Lektion7/Lektion7.sdk/Lektion7./.sdk/launch_scripts/xilinx_c-c++_application_(system_debugger)/system_debugger_on_local_testsdk1.elf.tcl'
12:30:43 INFO  : Disconnected from the channel tcfchan#1.
12:30:43 INFO  : 'targets -set -filter {jtag_cable_name =~ "JTAG-ONB4 2516330009BEA" && level==0} -index 1' command is executed.
12:30:43 INFO  : 'fpga -state' command is executed.
12:30:43 INFO  : Connected to target on host '127.0.0.1' and port '3121'.
12:30:43 INFO  : Jtag cable 'JTAG-ONB4 2516330009BEA' is selected.
12:30:43 INFO  : 'jtag frequency' command is executed.
12:30:43 INFO  : Sourcing of '/home/exchizz/SDU/Skole/7.Semester/EMB1/VHDL/EMB_group_4/Lektion7/Lektion7.sdk/Lektion7./design_1_wrapper_hw_platform_0/ps7_init.tcl' is done.
12:30:43 INFO  : 'targets -set -filter {name =~"APU" && jtag_cable_name =~ "JTAG-ONB4 2516330009BEA"} -index 0' command is executed.
12:30:43 INFO  : Hardware design information is loaded from '/home/exchizz/SDU/Skole/7.Semester/EMB1/VHDL/EMB_group_4/Lektion7/Lektion7.sdk/Lektion7./design_1_wrapper_hw_platform_0/system.hdf'.
12:30:43 INFO  : 'targets -set -filter {name =~"APU" && jtag_cable_name =~ "JTAG-ONB4 2516330009BEA"} -index 0' command is executed.
12:30:43 INFO  : 'stop' command is executed.
12:30:44 ERROR : AP transaction timeout
12:30:44 INFO  : ----------------XSDB Script----------------
connect -url tcp:127.0.0.1:3121
source /home/exchizz/SDU/Skole/7.Semester/EMB1/VHDL/EMB_group_4/Lektion7/Lektion7.sdk/Lektion7./design_1_wrapper_hw_platform_0/ps7_init.tcl
targets -set -filter {name =~"APU" && jtag_cable_name =~ "JTAG-ONB4 2516330009BEA"} -index 0
loadhw /home/exchizz/SDU/Skole/7.Semester/EMB1/VHDL/EMB_group_4/Lektion7/Lektion7.sdk/Lektion7./design_1_wrapper_hw_platform_0/system.hdf
targets -set -filter {name =~"APU" && jtag_cable_name =~ "JTAG-ONB4 2516330009BEA"} -index 0
stop
ps7_init
----------------End of Script----------------

12:31:26 INFO  : 'targets -set -filter {jtag_cable_name =~ "JTAG-ONB4 2516330009BEA" && level==0} -index 1' command is executed.
12:31:26 INFO  : 'fpga -state' command is executed.
12:31:26 INFO  : Connected to target on host '127.0.0.1' and port '3121'.
12:31:27 INFO  : Jtag cable 'JTAG-ONB4 2516330009BEA' is selected.
12:31:27 INFO  : 'jtag frequency' command is executed.
12:31:27 INFO  : Sourcing of '/home/exchizz/SDU/Skole/7.Semester/EMB1/VHDL/EMB_group_4/Lektion7/Lektion7.sdk/Lektion7./design_1_wrapper_hw_platform_0/ps7_init.tcl' is done.
12:31:27 INFO  : 'targets -set -filter {name =~"APU" && jtag_cable_name =~ "JTAG-ONB4 2516330009BEA"} -index 0' command is executed.
12:31:27 INFO  : Hardware design information is loaded from '/home/exchizz/SDU/Skole/7.Semester/EMB1/VHDL/EMB_group_4/Lektion7/Lektion7.sdk/Lektion7./design_1_wrapper_hw_platform_0/system.hdf'.
12:31:27 INFO  : 'targets -set -filter {name =~"APU" && jtag_cable_name =~ "JTAG-ONB4 2516330009BEA"} -index 0' command is executed.
12:31:27 INFO  : 'stop' command is executed.
12:31:27 ERROR : AP transaction error, DAP status f0000021
12:31:27 INFO  : ----------------XSDB Script----------------
connect -url tcp:127.0.0.1:3121
source /home/exchizz/SDU/Skole/7.Semester/EMB1/VHDL/EMB_group_4/Lektion7/Lektion7.sdk/Lektion7./design_1_wrapper_hw_platform_0/ps7_init.tcl
targets -set -filter {name =~"APU" && jtag_cable_name =~ "JTAG-ONB4 2516330009BEA"} -index 0
loadhw /home/exchizz/SDU/Skole/7.Semester/EMB1/VHDL/EMB_group_4/Lektion7/Lektion7.sdk/Lektion7./design_1_wrapper_hw_platform_0/system.hdf
targets -set -filter {name =~"APU" && jtag_cable_name =~ "JTAG-ONB4 2516330009BEA"} -index 0
stop
ps7_init
----------------End of Script----------------

12:31:42 INFO  : 'targets -set -filter {jtag_cable_name =~ "JTAG-ONB4 2516330009BEA" && level==0} -index 1' command is executed.
12:31:42 INFO  : 'fpga -state' command is executed.
12:31:42 INFO  : Connected to target on host '127.0.0.1' and port '3121'.
12:31:43 INFO  : Jtag cable 'JTAG-ONB4 2516330009BEA' is selected.
12:31:43 INFO  : 'jtag frequency' command is executed.
12:31:43 INFO  : Sourcing of '/home/exchizz/SDU/Skole/7.Semester/EMB1/VHDL/EMB_group_4/Lektion7/Lektion7.sdk/Lektion7./design_1_wrapper_hw_platform_0/ps7_init.tcl' is done.
12:31:43 INFO  : 'targets -set -filter {name =~"APU" && jtag_cable_name =~ "JTAG-ONB4 2516330009BEA"} -index 0' command is executed.
12:31:43 INFO  : Hardware design information is loaded from '/home/exchizz/SDU/Skole/7.Semester/EMB1/VHDL/EMB_group_4/Lektion7/Lektion7.sdk/Lektion7./design_1_wrapper_hw_platform_0/system.hdf'.
12:31:43 INFO  : 'targets -set -filter {name =~"APU" && jtag_cable_name =~ "JTAG-ONB4 2516330009BEA"} -index 0' command is executed.
12:31:43 INFO  : 'stop' command is executed.
12:31:43 INFO  : 'ps7_init' command is executed.
12:31:43 INFO  : 'ps7_post_config' command is executed.
12:31:43 INFO  : Context for processor 'ps7_cortexa9_0' is selected.
12:31:43 INFO  : Processor reset is completed for 'ps7_cortexa9_0'.
12:31:43 INFO  : Context for processor 'ps7_cortexa9_0' is selected.
12:31:43 INFO  : The application '/home/exchizz/SDU/Skole/7.Semester/EMB1/VHDL/EMB_group_4/Lektion7/Lektion7.sdk/Lektion7./TestSDK1/Debug/TestSDK1.elf' is downloaded to processor 'ps7_cortexa9_0'.
12:31:43 INFO  : ----------------XSDB Script----------------
connect -url tcp:127.0.0.1:3121
source /home/exchizz/SDU/Skole/7.Semester/EMB1/VHDL/EMB_group_4/Lektion7/Lektion7.sdk/Lektion7./design_1_wrapper_hw_platform_0/ps7_init.tcl
targets -set -filter {name =~"APU" && jtag_cable_name =~ "JTAG-ONB4 2516330009BEA"} -index 0
loadhw /home/exchizz/SDU/Skole/7.Semester/EMB1/VHDL/EMB_group_4/Lektion7/Lektion7.sdk/Lektion7./design_1_wrapper_hw_platform_0/system.hdf
targets -set -filter {name =~"APU" && jtag_cable_name =~ "JTAG-ONB4 2516330009BEA"} -index 0
stop
ps7_init
ps7_post_config
targets -set -nocase -filter {name =~ "ARM*#0" && jtag_cable_name =~ "JTAG-ONB4 2516330009BEA"} -index 0
rst -processor
targets -set -nocase -filter {name =~ "ARM*#0" && jtag_cable_name =~ "JTAG-ONB4 2516330009BEA"} -index 0
dow /home/exchizz/SDU/Skole/7.Semester/EMB1/VHDL/EMB_group_4/Lektion7/Lektion7.sdk/Lektion7./TestSDK1/Debug/TestSDK1.elf
----------------End of Script----------------

12:31:43 INFO  : Memory regions updated for context APU
12:31:43 INFO  : Context for processor 'ps7_cortexa9_0' is selected.
12:31:44 INFO  : 'con' command is executed.
12:31:44 INFO  : ----------------XSDB Script (After Launch)----------------
targets -set -nocase -filter {name =~ "ARM*#0" && jtag_cable_name =~ "JTAG-ONB4 2516330009BEA"} -index 0
con
----------------End of Script----------------

12:31:44 INFO  : Launch script is exported to file '/home/exchizz/SDU/Skole/7.Semester/EMB1/VHDL/EMB_group_4/Lektion7/Lektion7.sdk/Lektion7./.sdk/launch_scripts/xilinx_c-c++_application_(system_debugger)/system_debugger_on_local_testsdk1.elf.tcl'
12:32:06 INFO  : Disconnected from the channel tcfchan#2.
12:32:06 INFO  : 'targets -set -filter {jtag_cable_name =~ "JTAG-ONB4 2516330009BEA" && level==0} -index 1' command is executed.
12:32:06 INFO  : 'fpga -state' command is executed.
12:32:06 INFO  : Connected to target on host '127.0.0.1' and port '3121'.
12:32:06 INFO  : Jtag cable 'JTAG-ONB4 2516330009BEA' is selected.
12:32:06 INFO  : 'jtag frequency' command is executed.
12:32:06 INFO  : Sourcing of '/home/exchizz/SDU/Skole/7.Semester/EMB1/VHDL/EMB_group_4/Lektion7/Lektion7.sdk/Lektion7./design_1_wrapper_hw_platform_0/ps7_init.tcl' is done.
12:32:06 INFO  : 'targets -set -filter {name =~"APU" && jtag_cable_name =~ "JTAG-ONB4 2516330009BEA"} -index 0' command is executed.
12:32:06 INFO  : Hardware design information is loaded from '/home/exchizz/SDU/Skole/7.Semester/EMB1/VHDL/EMB_group_4/Lektion7/Lektion7.sdk/Lektion7./design_1_wrapper_hw_platform_0/system.hdf'.
12:32:06 INFO  : 'targets -set -filter {name =~"APU" && jtag_cable_name =~ "JTAG-ONB4 2516330009BEA"} -index 0' command is executed.
12:32:06 INFO  : 'stop' command is executed.
12:32:07 INFO  : 'ps7_init' command is executed.
12:32:07 INFO  : 'ps7_post_config' command is executed.
12:32:07 INFO  : Context for processor 'ps7_cortexa9_0' is selected.
12:32:07 INFO  : Processor reset is completed for 'ps7_cortexa9_0'.
12:32:07 INFO  : Context for processor 'ps7_cortexa9_0' is selected.
12:32:07 INFO  : The application '/home/exchizz/SDU/Skole/7.Semester/EMB1/VHDL/EMB_group_4/Lektion7/Lektion7.sdk/Lektion7./TestSDK1/Debug/TestSDK1.elf' is downloaded to processor 'ps7_cortexa9_0'.
12:32:07 INFO  : ----------------XSDB Script----------------
connect -url tcp:127.0.0.1:3121
source /home/exchizz/SDU/Skole/7.Semester/EMB1/VHDL/EMB_group_4/Lektion7/Lektion7.sdk/Lektion7./design_1_wrapper_hw_platform_0/ps7_init.tcl
targets -set -filter {name =~"APU" && jtag_cable_name =~ "JTAG-ONB4 2516330009BEA"} -index 0
loadhw /home/exchizz/SDU/Skole/7.Semester/EMB1/VHDL/EMB_group_4/Lektion7/Lektion7.sdk/Lektion7./design_1_wrapper_hw_platform_0/system.hdf
targets -set -filter {name =~"APU" && jtag_cable_name =~ "JTAG-ONB4 2516330009BEA"} -index 0
stop
ps7_init
ps7_post_config
targets -set -nocase -filter {name =~ "ARM*#0" && jtag_cable_name =~ "JTAG-ONB4 2516330009BEA"} -index 0
rst -processor
targets -set -nocase -filter {name =~ "ARM*#0" && jtag_cable_name =~ "JTAG-ONB4 2516330009BEA"} -index 0
dow /home/exchizz/SDU/Skole/7.Semester/EMB1/VHDL/EMB_group_4/Lektion7/Lektion7.sdk/Lektion7./TestSDK1/Debug/TestSDK1.elf
----------------End of Script----------------

12:32:07 INFO  : Memory regions updated for context APU
12:32:07 INFO  : Context for processor 'ps7_cortexa9_0' is selected.
12:32:07 INFO  : 'con' command is executed.
12:32:07 INFO  : ----------------XSDB Script (After Launch)----------------
targets -set -nocase -filter {name =~ "ARM*#0" && jtag_cable_name =~ "JTAG-ONB4 2516330009BEA"} -index 0
con
----------------End of Script----------------

12:32:07 INFO  : Launch script is exported to file '/home/exchizz/SDU/Skole/7.Semester/EMB1/VHDL/EMB_group_4/Lektion7/Lektion7.sdk/Lektion7./.sdk/launch_scripts/xilinx_c-c++_application_(system_debugger)/system_debugger_on_local_testsdk1.elf.tcl'
12:33:29 INFO  : Connected to target on host '127.0.0.1' and port '3121'.
12:33:29 INFO  : 'targets -set -filter {jtag_cable_name =~ "JTAG-ONB4 2516330009BEA" && level==0} -index 1' command is executed.
12:33:30 INFO  : FPGA configured successfully with bitstream "/home/exchizz/SDU/Skole/7.Semester/EMB1/VHDL/EMB_group_4/Lektion7/Lektion7.sdk/Lektion7./design_1_wrapper_hw_platform_0/design_1_wrapper.bit"
18:54:39 INFO  : Disconnected from the channel tcfchan#3.
